2016-05-01 14:43:56,858 [ModalContext] INFO  c.n.h.c.p.n.NettyAsyncHttpProvider - Number of application's worked threads is 16
2016-05-01 14:43:57,199 [New I/O client worker #1-1] INFO  o.e.m.c.i.e.AbstractTransferListenerAdapter - Downloading http://repo.maven.apache.org/maven2/org/apache/maven/archetypes/maven-archetype-quickstart/maven-metadata.xml
2016-05-01 14:43:57,203 [New I/O client worker #1-1] INFO  o.e.m.c.i.e.AbstractTransferListenerAdapter - Downloaded http://repo.maven.apache.org/maven2/org/apache/maven/archetypes/maven-archetype-quickstart/maven-metadata.xml
2016-05-01 14:43:57,284 [ModalContext] INFO  c.n.h.c.p.n.NettyAsyncHttpProvider - Number of application's worked threads is 16
2016-05-01 14:43:57,394 [New I/O client worker #2-1] INFO  o.e.m.c.i.e.AbstractTransferListenerAdapter - Downloading http://repo.maven.apache.org/maven2/org/apache/maven/archetypes/maven-archetype-quickstart/1.1/maven-archetype-quickstart-1.1.jar
2016-05-01 14:43:57,408 [New I/O client worker #2-1] INFO  o.e.m.c.i.e.AbstractTransferListenerAdapter - Downloaded http://repo.maven.apache.org/maven2/org/apache/maven/archetypes/maven-archetype-quickstart/1.1/maven-archetype-quickstart-1.1.jar
2016-05-01 14:44:39,342 [Worker-7] INFO  c.n.h.c.p.n.NettyAsyncHttpProvider - Number of application's worked threads is 16
2016-05-01 14:44:39,855 [New I/O client worker #3-1] INFO  o.e.m.c.i.e.AbstractTransferListenerAdapter - Downloading http://repo.maven.apache.org/maven2/org/apache/maven/archetypes/maven-archetype-quickstart/1.1/maven-archetype-quickstart-1.1.pom
2016-05-01 14:44:39,860 [New I/O client worker #3-1] INFO  o.e.m.c.i.e.AbstractTransferListenerAdapter - Downloaded http://repo.maven.apache.org/maven2/org/apache/maven/archetypes/maven-archetype-quickstart/1.1/maven-archetype-quickstart-1.1.pom
2016-05-01 14:44:39,946 [pool-6-thread-1] INFO  o.e.m.c.i.e.AbstractTransferListenerAdapter - Downloaded file:///C:/Users/erdem/.m2/repository/org/apache/maven/archetypes/maven-archetype-quickstart/1.1/maven-archetype-quickstart-1.1.jar
2016-05-01 14:44:39,982 [Worker-7] INFO  o.e.m.c.i.p.ProjectConfigurationManager - Collecting project info '/pom.xml' D:\GitHub\webserviceAdvanced\advanced-jaxrs-01\pom.xml
2016-05-01 14:44:40,149 [Worker-7] INFO  c.n.h.c.p.n.NettyAsyncHttpProvider - Number of application's worked threads is 16
2016-05-01 14:44:40,271 [New I/O client worker #4-1] INFO  o.e.m.c.i.e.AbstractTransferListenerAdapter - Downloading http://repo.maven.apache.org/maven2/org/apache/maven/plugins/maven-compiler-plugin/2.3.2/maven-compiler-plugin-2.3.2.jar
2016-05-01 14:44:40,363 [New I/O client worker #4-1] INFO  o.e.m.c.i.e.AbstractTransferListenerAdapter - Downloaded http://repo.maven.apache.org/maven2/org/apache/maven/plugins/maven-compiler-plugin/2.3.2/maven-compiler-plugin-2.3.2.jar
2016-05-01 14:44:40,628 [Worker-7] INFO  c.n.h.c.p.n.NettyAsyncHttpProvider - Number of application's worked threads is 16
2016-05-01 14:44:40,743 [New I/O client worker #5-1] INFO  o.e.m.c.i.e.AbstractTransferListenerAdapter - Downloading http://repo.maven.apache.org/maven2/org/apache/maven/plugins/maven-jar-plugin/2.3.2/maven-jar-plugin-2.3.2.jar
2016-05-01 14:44:40,839 [New I/O client worker #5-1] INFO  o.e.m.c.i.e.AbstractTransferListenerAdapter - Downloaded http://repo.maven.apache.org/maven2/org/apache/maven/plugins/maven-jar-plugin/2.3.2/maven-jar-plugin-2.3.2.jar
2016-05-01 14:44:41,009 [Worker-7] INFO  c.n.h.c.p.n.NettyAsyncHttpProvider - Number of application's worked threads is 16
2016-05-01 14:44:41,125 [New I/O client worker #6-1] INFO  o.e.m.c.i.e.AbstractTransferListenerAdapter - Downloading http://repo.maven.apache.org/maven2/org/apache/maven/plugins/maven-compiler-plugin/2.3.2/maven-compiler-plugin-2.3.2.pom
2016-05-01 14:44:41,130 [New I/O client worker #6-1] INFO  o.e.m.c.i.e.AbstractTransferListenerAdapter - Downloaded http://repo.maven.apache.org/maven2/org/apache/maven/plugins/maven-compiler-plugin/2.3.2/maven-compiler-plugin-2.3.2.pom
2016-05-01 14:44:41,382 [Worker-7] INFO  c.n.h.c.p.n.NettyAsyncHttpProvider - Number of application's worked threads is 16
2016-05-01 14:44:41,490 [New I/O client worker #7-1] INFO  o.e.m.c.i.e.AbstractTransferListenerAdapter - Downloading http://repo.maven.apache.org/maven2/org/codehaus/plexus/plexus-compiler-api/1.8.1/plexus-compiler-api-1.8.1.pom
2016-05-01 14:44:41,493 [New I/O client worker #7-1] INFO  o.e.m.c.i.e.AbstractTransferListenerAdapter - Downloaded http://repo.maven.apache.org/maven2/org/codehaus/plexus/plexus-compiler-api/1.8.1/plexus-compiler-api-1.8.1.pom
2016-05-01 14:44:41,571 [Worker-7] INFO  c.n.h.c.p.n.NettyAsyncHttpProvider - Number of application's worked threads is 16
2016-05-01 14:44:41,685 [New I/O client worker #8-1] INFO  o.e.m.c.i.e.AbstractTransferListenerAdapter - Downloading http://repo.maven.apache.org/maven2/org/codehaus/plexus/plexus-compiler/1.8.1/plexus-compiler-1.8.1.pom
2016-05-01 14:44:41,688 [New I/O client worker #8-1] INFO  o.e.m.c.i.e.AbstractTransferListenerAdapter - Downloaded http://repo.maven.apache.org/maven2/org/codehaus/plexus/plexus-compiler/1.8.1/plexus-compiler-1.8.1.pom
2016-05-01 14:44:41,785 [Worker-7] INFO  c.n.h.c.p.n.NettyAsyncHttpProvider - Number of application's worked threads is 16
2016-05-01 14:44:41,956 [New I/O client worker #9-1] INFO  o.e.m.c.i.e.AbstractTransferListenerAdapter - Downloading http://repo.maven.apache.org/maven2/org/codehaus/plexus/plexus-utils/1.5.5/plexus-utils-1.5.5.pom
2016-05-01 14:44:41,959 [New I/O client worker #9-1] INFO  o.e.m.c.i.e.AbstractTransferListenerAdapter - Downloaded http://repo.maven.apache.org/maven2/org/codehaus/plexus/plexus-utils/1.5.5/plexus-utils-1.5.5.pom
2016-05-01 14:44:42,032 [Worker-7] INFO  c.n.h.c.p.n.NettyAsyncHttpProvider - Number of application's worked threads is 16
2016-05-01 14:44:42,148 [New I/O client worker #10-1] INFO  o.e.m.c.i.e.AbstractTransferListenerAdapter - Downloading http://repo.maven.apache.org/maven2/org/codehaus/plexus/plexus-compiler-manager/1.8.1/plexus-compiler-manager-1.8.1.pom
2016-05-01 14:44:42,151 [New I/O client worker #10-1] INFO  o.e.m.c.i.e.AbstractTransferListenerAdapter - Downloaded http://repo.maven.apache.org/maven2/org/codehaus/plexus/plexus-compiler-manager/1.8.1/plexus-compiler-manager-1.8.1.pom
2016-05-01 14:44:42,226 [Worker-7] INFO  c.n.h.c.p.n.NettyAsyncHttpProvider - Number of application's worked threads is 16
2016-05-01 14:44:42,337 [New I/O client worker #11-1] INFO  o.e.m.c.i.e.AbstractTransferListenerAdapter - Downloading http://repo.maven.apache.org/maven2/org/codehaus/plexus/plexus-compiler-javac/1.8.1/plexus-compiler-javac-1.8.1.pom
2016-05-01 14:44:42,339 [New I/O client worker #11-1] INFO  o.e.m.c.i.e.AbstractTransferListenerAdapter - Downloaded http://repo.maven.apache.org/maven2/org/codehaus/plexus/plexus-compiler-javac/1.8.1/plexus-compiler-javac-1.8.1.pom
2016-05-01 14:44:42,408 [Worker-7] INFO  c.n.h.c.p.n.NettyAsyncHttpProvider - Number of application's worked threads is 16
2016-05-01 14:44:42,849 [New I/O client worker #12-1] INFO  o.e.m.c.i.e.AbstractTransferListenerAdapter - Downloading http://repo.maven.apache.org/maven2/org/codehaus/plexus/plexus-compilers/1.8.1/plexus-compilers-1.8.1.pom
2016-05-01 14:44:42,852 [New I/O client worker #12-1] INFO  o.e.m.c.i.e.AbstractTransferListenerAdapter - Downloaded http://repo.maven.apache.org/maven2/org/codehaus/plexus/plexus-compilers/1.8.1/plexus-compilers-1.8.1.pom
2016-05-01 14:44:42,932 [Worker-7] INFO  c.n.h.c.p.n.NettyAsyncHttpProvider - Number of application's worked threads is 16
2016-05-01 14:44:43,044 [New I/O client worker #13-3] INFO  o.e.m.c.i.e.AbstractTransferListenerAdapter - Downloading http://repo.maven.apache.org/maven2/org/codehaus/plexus/plexus-compiler-javac/1.8.1/plexus-compiler-javac-1.8.1.jar
2016-05-01 14:44:43,051 [New I/O client worker #13-1] INFO  o.e.m.c.i.e.AbstractTransferListenerAdapter - Downloading http://repo.maven.apache.org/maven2/org/codehaus/plexus/plexus-compiler-api/1.8.1/plexus-compiler-api-1.8.1.jar
2016-05-01 14:44:43,056 [New I/O client worker #13-2] INFO  o.e.m.c.i.e.AbstractTransferListenerAdapter - Downloading http://repo.maven.apache.org/maven2/org/codehaus/plexus/plexus-compiler-manager/1.8.1/plexus-compiler-manager-1.8.1.jar
2016-05-01 14:44:43,057 [New I/O client worker #13-3] INFO  o.e.m.c.i.e.AbstractTransferListenerAdapter - Downloaded http://repo.maven.apache.org/maven2/org/codehaus/plexus/plexus-compiler-javac/1.8.1/plexus-compiler-javac-1.8.1.jar
2016-05-01 14:44:43,070 [New I/O client worker #13-2] INFO  o.e.m.c.i.e.AbstractTransferListenerAdapter - Downloaded http://repo.maven.apache.org/maven2/org/codehaus/plexus/plexus-compiler-manager/1.8.1/plexus-compiler-manager-1.8.1.jar
2016-05-01 14:44:43,144 [New I/O client worker #13-1] INFO  o.e.m.c.i.e.AbstractTransferListenerAdapter - Downloaded http://repo.maven.apache.org/maven2/org/codehaus/plexus/plexus-compiler-api/1.8.1/plexus-compiler-api-1.8.1.jar
2016-05-01 14:44:43,585 [Worker-7] INFO  o.e.m.c.i.l.LifecycleMappingFactory - Using org.eclipse.m2e.jdt.JarLifecycleMapping lifecycle mapping for MavenProject: org.erdem.advanced:advanced-jaxrs-01:0.0.1-SNAPSHOT @ D:\GitHub\webserviceAdvanced\advanced-jaxrs-01\pom.xml.
2016-05-01 14:44:43,616 [Worker-7] INFO  c.n.h.c.p.n.NettyAsyncHttpProvider - Number of application's worked threads is 16
2016-05-01 14:44:43,786 [New I/O client worker #14-1] INFO  o.e.m.c.i.e.AbstractTransferListenerAdapter - Downloading http://repo.maven.apache.org/maven2/org/apache/maven/plugins/maven-jar-plugin/2.3.2/maven-jar-plugin-2.3.2.pom
2016-05-01 14:44:43,791 [New I/O client worker #14-1] INFO  o.e.m.c.i.e.AbstractTransferListenerAdapter - Downloaded http://repo.maven.apache.org/maven2/org/apache/maven/plugins/maven-jar-plugin/2.3.2/maven-jar-plugin-2.3.2.pom
2016-05-01 14:44:43,861 [Worker-7] INFO  c.n.h.c.p.n.NettyAsyncHttpProvider - Number of application's worked threads is 16
2016-05-01 14:44:43,977 [New I/O client worker #15-1] INFO  o.e.m.c.i.e.AbstractTransferListenerAdapter - Downloading http://repo.maven.apache.org/maven2/org/apache/maven/plugins/maven-plugins/21/maven-plugins-21.pom
2016-05-01 14:44:43,983 [New I/O client worker #15-1] INFO  o.e.m.c.i.e.AbstractTransferListenerAdapter - Downloaded http://repo.maven.apache.org/maven2/org/apache/maven/plugins/maven-plugins/21/maven-plugins-21.pom
2016-05-01 14:44:44,095 [Worker-7] INFO  c.n.h.c.p.n.NettyAsyncHttpProvider - Number of application's worked threads is 16
2016-05-01 14:44:44,211 [New I/O client worker #16-1] INFO  o.e.m.c.i.e.AbstractTransferListenerAdapter - Downloading http://repo.maven.apache.org/maven2/org/apache/maven/maven-archiver/2.4.2/maven-archiver-2.4.2.pom
2016-05-01 14:44:44,216 [New I/O client worker #16-1] INFO  o.e.m.c.i.e.AbstractTransferListenerAdapter - Downloaded http://repo.maven.apache.org/maven2/org/apache/maven/maven-archiver/2.4.2/maven-archiver-2.4.2.pom
2016-05-01 14:44:44,290 [Worker-7] INFO  c.n.h.c.p.n.NettyAsyncHttpProvider - Number of application's worked threads is 16
2016-05-01 14:44:44,474 [New I/O client worker #17-1] INFO  o.e.m.c.i.e.AbstractTransferListenerAdapter - Downloading http://repo.maven.apache.org/maven2/org/codehaus/plexus/plexus-archiver/2.0.1/plexus-archiver-2.0.1.pom
2016-05-01 14:44:44,477 [New I/O client worker #17-1] INFO  o.e.m.c.i.e.AbstractTransferListenerAdapter - Downloaded http://repo.maven.apache.org/maven2/org/codehaus/plexus/plexus-archiver/2.0.1/plexus-archiver-2.0.1.pom
2016-05-01 14:44:44,553 [Worker-7] INFO  c.n.h.c.p.n.NettyAsyncHttpProvider - Number of application's worked threads is 16
2016-05-01 14:44:44,670 [New I/O client worker #18-1] INFO  o.e.m.c.i.e.AbstractTransferListenerAdapter - Downloading http://repo.maven.apache.org/maven2/org/codehaus/plexus/plexus-io/2.0.1/plexus-io-2.0.1.pom
2016-05-01 14:44:44,673 [New I/O client worker #18-1] INFO  o.e.m.c.i.e.AbstractTransferListenerAdapter - Downloaded http://repo.maven.apache.org/maven2/org/codehaus/plexus/plexus-io/2.0.1/plexus-io-2.0.1.pom
2016-05-01 14:44:44,744 [Worker-7] INFO  c.n.h.c.p.n.NettyAsyncHttpProvider - Number of application's worked threads is 16
2016-05-01 14:44:44,858 [New I/O client worker #19-1] INFO  o.e.m.c.i.e.AbstractTransferListenerAdapter - Downloading http://repo.maven.apache.org/maven2/org/codehaus/plexus/plexus-components/1.1.19/plexus-components-1.1.19.pom
2016-05-01 14:44:44,860 [New I/O client worker #19-1] INFO  o.e.m.c.i.e.AbstractTransferListenerAdapter - Downloaded http://repo.maven.apache.org/maven2/org/codehaus/plexus/plexus-components/1.1.19/plexus-components-1.1.19.pom
2016-05-01 14:44:44,931 [Worker-7] INFO  c.n.h.c.p.n.NettyAsyncHttpProvider - Number of application's worked threads is 16
2016-05-01 14:44:45,099 [New I/O client worker #20-1] INFO  o.e.m.c.i.e.AbstractTransferListenerAdapter - Downloading http://repo.maven.apache.org/maven2/org/codehaus/plexus/plexus/3.0.1/plexus-3.0.1.pom
2016-05-01 14:44:45,160 [New I/O client worker #20-1] INFO  o.e.m.c.i.e.AbstractTransferListenerAdapter - Downloaded http://repo.maven.apache.org/maven2/org/codehaus/plexus/plexus/3.0.1/plexus-3.0.1.pom
2016-05-01 14:44:45,237 [Worker-7] INFO  c.n.h.c.p.n.NettyAsyncHttpProvider - Number of application's worked threads is 16
2016-05-01 14:44:45,359 [New I/O client worker #21-1] INFO  o.e.m.c.i.e.AbstractTransferListenerAdapter - Downloading http://repo.maven.apache.org/maven2/commons-lang/commons-lang/2.1/commons-lang-2.1.pom
2016-05-01 14:44:45,365 [New I/O client worker #21-1] INFO  o.e.m.c.i.e.AbstractTransferListenerAdapter - Downloaded http://repo.maven.apache.org/maven2/commons-lang/commons-lang/2.1/commons-lang-2.1.pom
2016-05-01 14:44:45,442 [Worker-7] INFO  c.n.h.c.p.n.NettyAsyncHttpProvider - Number of application's worked threads is 16
2016-05-01 14:44:45,551 [New I/O client worker #22-1] INFO  o.e.m.c.i.e.AbstractTransferListenerAdapter - Downloading http://repo.maven.apache.org/maven2/org/apache/maven/maven-archiver/2.4.2/maven-archiver-2.4.2.jar
2016-05-01 14:44:45,557 [New I/O client worker #22-3] INFO  o.e.m.c.i.e.AbstractTransferListenerAdapter - Downloading http://repo.maven.apache.org/maven2/org/codehaus/plexus/plexus-io/2.0.1/plexus-io-2.0.1.jar
2016-05-01 14:44:45,561 [New I/O client worker #22-4] INFO  o.e.m.c.i.e.AbstractTransferListenerAdapter - Downloading http://repo.maven.apache.org/maven2/commons-lang/commons-lang/2.1/commons-lang-2.1.jar
2016-05-01 14:44:45,566 [New I/O client worker #22-2] INFO  o.e.m.c.i.e.AbstractTransferListenerAdapter - Downloading http://repo.maven.apache.org/maven2/org/codehaus/plexus/plexus-archiver/2.0.1/plexus-archiver-2.0.1.jar
2016-05-01 14:44:45,628 [New I/O client worker #22-1] INFO  o.e.m.c.i.e.AbstractTransferListenerAdapter - Downloaded http://repo.maven.apache.org/maven2/org/apache/maven/maven-archiver/2.4.2/maven-archiver-2.4.2.jar
2016-05-01 14:44:45,676 [New I/O client worker #22-3] INFO  o.e.m.c.i.e.AbstractTransferListenerAdapter - Downloaded http://repo.maven.apache.org/maven2/org/codehaus/plexus/plexus-io/2.0.1/plexus-io-2.0.1.jar
2016-05-01 14:44:45,794 [New I/O client worker #22-4] INFO  o.e.m.c.i.e.AbstractTransferListenerAdapter - Downloaded http://repo.maven.apache.org/maven2/commons-lang/commons-lang/2.1/commons-lang-2.1.jar
2016-05-01 14:44:45,813 [New I/O client worker #22-2] INFO  o.e.m.c.i.e.AbstractTransferListenerAdapter - Downloaded http://repo.maven.apache.org/maven2/org/codehaus/plexus/plexus-archiver/2.0.1/plexus-archiver-2.0.1.jar
2016-05-01 14:44:46,804 [Worker-7] INFO  o.e.m.j.i.AbstractJavaProjectConfigurator - Adding source folder /advanced-jaxrs-01/src/main/java
2016-05-01 14:44:46,808 [Worker-7] INFO  o.e.m.j.i.AbstractJavaProjectConfigurator - Adding source folder /advanced-jaxrs-01/src/test/java
2016-05-01 14:44:46,913 [Worker-7] INFO  o.e.m.c.i.p.ProjectConfigurationManager - Project import completed 6 sec
2016-05-01 14:44:47,475 [Worker-14] INFO  o.e.m.c.i.l.LifecycleMappingFactory - Using org.eclipse.m2e.jdt.JarLifecycleMapping lifecycle mapping for MavenProject: org.erdem.advanced:advanced-jaxrs-01:0.0.1-SNAPSHOT @ D:\GitHub\webserviceAdvanced\advanced-jaxrs-01\pom.xml.
2016-05-01 14:44:47,658 [Worker-14] INFO  o.e.m.c.i.embedder.EclipseLogger - Using 'UTF-8' encoding to copy filtered resources.
2016-05-01 14:44:47,659 [Worker-14] INFO  o.e.m.c.i.embedder.EclipseLogger - skip non existing resourceDirectory D:\GitHub\webserviceAdvanced\advanced-jaxrs-01\src\main\resources
2016-05-01 14:44:47,661 [Worker-14] INFO  o.e.m.c.i.embedder.EclipseLogger - Using 'UTF-8' encoding to copy filtered resources.
2016-05-01 14:44:47,661 [Worker-14] INFO  o.e.m.c.i.embedder.EclipseLogger - skip non existing resourceDirectory D:\GitHub\webserviceAdvanced\advanced-jaxrs-01\src\test\resources
2016-05-01 14:44:47,703 [Worker-12] INFO  o.e.m.c.i.l.LifecycleMappingFactory - Using org.eclipse.m2e.jdt.JarLifecycleMapping lifecycle mapping for MavenProject: org.erdem.advanced:advanced-jaxrs-01:0.0.1-SNAPSHOT @ D:\GitHub\webserviceAdvanced\advanced-jaxrs-01\pom.xml.
2016-05-01 14:44:48,889 [Worker-7] INFO  o.e.m.c.i.embedder.EclipseLogger - Using 'UTF-8' encoding to copy filtered resources.
2016-05-01 14:44:48,889 [Worker-7] INFO  o.e.m.c.i.embedder.EclipseLogger - skip non existing resourceDirectory D:\GitHub\webserviceAdvanced\advanced-jaxrs-01\src\main\resources
2016-05-01 14:44:48,890 [Worker-7] INFO  o.e.m.c.i.embedder.EclipseLogger - Using 'UTF-8' encoding to copy filtered resources.
2016-05-01 14:44:48,890 [Worker-7] INFO  o.e.m.c.i.embedder.EclipseLogger - skip non existing resourceDirectory D:\GitHub\webserviceAdvanced\advanced-jaxrs-01\src\test\resources
2016-05-01 14:56:19,103 [Worker-19] INFO  o.e.m.c.i.l.LifecycleMappingFactory - Using org.eclipse.m2e.jdt.JarLifecycleMapping lifecycle mapping for MavenProject: org.erdem.advanced:advanced-jaxrs-01:0.0.1-SNAPSHOT @ D:\GitHub\webserviceAdvanced\advanced-jaxrs-01\pom.xml.
2016-05-01 14:56:19,138 [Worker-19] INFO  o.e.m.c.i.embedder.EclipseLogger - Using 'UTF-8' encoding to copy filtered resources.
2016-05-01 14:56:19,138 [Worker-19] INFO  o.e.m.c.i.embedder.EclipseLogger - skip non existing resourceDirectory D:\GitHub\webserviceAdvanced\advanced-jaxrs-01\src\main\resources
2016-05-01 14:56:19,139 [Worker-19] INFO  o.e.m.c.i.embedder.EclipseLogger - Using 'UTF-8' encoding to copy filtered resources.
2016-05-01 14:56:19,139 [Worker-19] INFO  o.e.m.c.i.embedder.EclipseLogger - skip non existing resourceDirectory D:\GitHub\webserviceAdvanced\advanced-jaxrs-01\src\test\resources
2016-05-01 14:56:20,314 [Worker-17] INFO  o.e.m.c.i.embedder.EclipseLogger - Using 'UTF-8' encoding to copy filtered resources.
2016-05-01 14:56:20,314 [Worker-17] INFO  o.e.m.c.i.embedder.EclipseLogger - skip non existing resourceDirectory D:\GitHub\webserviceAdvanced\advanced-jaxrs-01\src\main\resources
2016-05-01 14:56:20,315 [Worker-17] INFO  o.e.m.c.i.embedder.EclipseLogger - Using 'UTF-8' encoding to copy filtered resources.
2016-05-01 14:56:20,315 [Worker-17] INFO  o.e.m.c.i.embedder.EclipseLogger - skip non existing resourceDirectory D:\GitHub\webserviceAdvanced\advanced-jaxrs-01\src\test\resources
2016-05-01 14:56:33,358 [Worker-23] INFO  o.e.m.c.i.p.ProjectConfigurationManager - Update started
2016-05-01 14:56:33,429 [Worker-23] INFO  o.e.m.c.i.l.LifecycleMappingFactory - Using org.eclipse.m2e.jdt.JarLifecycleMapping lifecycle mapping for MavenProject: org.erdem.advanced:advanced-jaxrs-01:0.0.1-SNAPSHOT @ D:\GitHub\webserviceAdvanced\advanced-jaxrs-01\pom.xml.
2016-05-01 14:56:33,459 [Worker-23] INFO  o.e.m.j.i.AbstractJavaProjectConfigurator - Adding source folder /advanced-jaxrs-01/src/main/java
2016-05-01 14:56:33,461 [Worker-23] INFO  o.e.m.j.i.AbstractJavaProjectConfigurator - Adding source folder /advanced-jaxrs-01/src/test/java
2016-05-01 14:56:33,536 [Worker-23] INFO  o.e.m.c.i.p.ProjectConfigurationManager - Update completed: 0 sec
2016-05-01 14:56:33,712 [Worker-19] INFO  o.e.m.c.i.l.LifecycleMappingFactory - Using org.eclipse.m2e.jdt.JarLifecycleMapping lifecycle mapping for MavenProject: org.erdem.advanced:advanced-jaxrs-01:0.0.1-SNAPSHOT @ D:\GitHub\webserviceAdvanced\advanced-jaxrs-01\pom.xml.
2016-05-01 14:56:33,752 [Worker-19] INFO  o.e.m.c.i.embedder.EclipseLogger - Using 'UTF-8' encoding to copy filtered resources.
2016-05-01 14:56:33,752 [Worker-19] INFO  o.e.m.c.i.embedder.EclipseLogger - skip non existing resourceDirectory D:\GitHub\webserviceAdvanced\advanced-jaxrs-01\src\main\resources
2016-05-01 14:56:33,754 [Worker-19] INFO  o.e.m.c.i.embedder.EclipseLogger - Using 'UTF-8' encoding to copy filtered resources.
2016-05-01 14:56:33,754 [Worker-19] INFO  o.e.m.c.i.embedder.EclipseLogger - skip non existing resourceDirectory D:\GitHub\webserviceAdvanced\advanced-jaxrs-01\src\test\resources
2016-05-01 14:56:48,091 [Worker-20] INFO  o.e.m.c.i.embedder.EclipseLogger - Using 'UTF-8' encoding to copy filtered resources.
2016-05-01 14:56:48,091 [Worker-20] INFO  o.e.m.c.i.embedder.EclipseLogger - skip non existing resourceDirectory D:\GitHub\webserviceAdvanced\advanced-jaxrs-01\src\main\resources
2016-05-01 14:56:48,092 [Worker-20] INFO  o.e.m.c.i.embedder.EclipseLogger - Using 'UTF-8' encoding to copy filtered resources.
2016-05-01 14:56:48,092 [Worker-20] INFO  o.e.m.c.i.embedder.EclipseLogger - skip non existing resourceDirectory D:\GitHub\webserviceAdvanced\advanced-jaxrs-01\src\test\resources
2016-05-01 15:01:10,425 [Worker-11] INFO  o.e.m.c.i.p.ProjectConfigurationManager - Update started
2016-05-01 15:01:10,463 [Worker-11] INFO  o.e.m.c.i.l.LifecycleMappingFactory - Using org.eclipse.m2e.jdt.JarLifecycleMapping lifecycle mapping for MavenProject: org.erdem.advanced:advanced-jaxrs-01:0.0.1-SNAPSHOT @ D:\GitHub\webserviceAdvanced\advanced-jaxrs-01\pom.xml.
2016-05-01 15:01:10,495 [Worker-11] INFO  o.e.m.j.i.AbstractJavaProjectConfigurator - Adding source folder /advanced-jaxrs-01/src/main/java
2016-05-01 15:01:10,495 [Worker-11] INFO  o.e.m.j.i.AbstractJavaProjectConfigurator - Adding source folder /advanced-jaxrs-01/src/test/java
2016-05-01 15:01:10,548 [Worker-11] INFO  o.e.m.c.i.p.ProjectConfigurationManager - Update completed: 0 sec
2016-05-01 15:01:10,694 [Worker-19] INFO  o.e.m.c.i.embedder.EclipseLogger - Using 'UTF-8' encoding to copy filtered resources.
2016-05-01 15:01:10,694 [Worker-19] INFO  o.e.m.c.i.embedder.EclipseLogger - skip non existing resourceDirectory D:\GitHub\webserviceAdvanced\advanced-jaxrs-01\src\main\resources
2016-05-01 15:01:10,694 [Worker-19] INFO  o.e.m.c.i.embedder.EclipseLogger - Using 'UTF-8' encoding to copy filtered resources.
2016-05-01 15:01:10,694 [Worker-19] INFO  o.e.m.c.i.embedder.EclipseLogger - skip non existing resourceDirectory D:\GitHub\webserviceAdvanced\advanced-jaxrs-01\src\test\resources
2016-05-01 15:02:31,042 [Worker-27] INFO  o.e.m.c.i.p.ProjectConfigurationManager - Update started
2016-05-01 15:02:31,091 [Worker-27] INFO  o.e.m.c.i.l.LifecycleMappingFactory - Using org.eclipse.m2e.jdt.JarLifecycleMapping lifecycle mapping for MavenProject: org.erdem.advanced:advanced-jaxrs-01:0.0.1-SNAPSHOT @ D:\GitHub\webserviceAdvanced\advanced-jaxrs-01\pom.xml.
2016-05-01 15:02:31,111 [Worker-27] INFO  o.e.m.j.i.AbstractJavaProjectConfigurator - Adding source folder /advanced-jaxrs-01/src/main/java
2016-05-01 15:02:31,111 [Worker-27] INFO  o.e.m.j.i.AbstractJavaProjectConfigurator - Adding source folder /advanced-jaxrs-01/src/test/java
2016-05-01 15:02:31,158 [Worker-27] INFO  o.e.m.c.i.p.ProjectConfigurationManager - Update completed: 0 sec
2016-05-01 15:02:31,329 [Worker-30] INFO  o.e.m.c.i.embedder.EclipseLogger - Using 'UTF-8' encoding to copy filtered resources.
2016-05-01 15:02:31,329 [Worker-30] INFO  o.e.m.c.i.embedder.EclipseLogger - skip non existing resourceDirectory D:\GitHub\webserviceAdvanced\advanced-jaxrs-01\src\main\resources
2016-05-01 15:02:31,329 [Worker-30] INFO  o.e.m.c.i.embedder.EclipseLogger - Using 'UTF-8' encoding to copy filtered resources.
2016-05-01 15:02:31,329 [Worker-30] INFO  o.e.m.c.i.embedder.EclipseLogger - skip non existing resourceDirectory D:\GitHub\webserviceAdvanced\advanced-jaxrs-01\src\test\resources
2016-05-01 15:03:17,761 [Worker-31] INFO  o.e.m.c.i.l.LifecycleMappingFactory - Using org.eclipse.m2e.jdt.JarLifecycleMapping lifecycle mapping for MavenProject: org.erdem.advanced:advanced-jaxrs-01:0.0.1-SNAPSHOT @ D:\GitHub\webserviceAdvanced\advanced-jaxrs-01\pom.xml.
2016-05-01 15:03:17,877 [Worker-31] INFO  o.e.m.c.i.embedder.EclipseLogger - Using 'UTF-8' encoding to copy filtered resources.
2016-05-01 15:03:17,877 [Worker-31] INFO  o.e.m.c.i.embedder.EclipseLogger - skip non existing resourceDirectory D:\GitHub\webserviceAdvanced\advanced-jaxrs-01\src\main\resources
2016-05-01 15:03:17,877 [Worker-31] INFO  o.e.m.c.i.embedder.EclipseLogger - Using 'UTF-8' encoding to copy filtered resources.
2016-05-01 15:03:17,877 [Worker-31] INFO  o.e.m.c.i.embedder.EclipseLogger - skip non existing resourceDirectory D:\GitHub\webserviceAdvanced\advanced-jaxrs-01\src\test\resources
2016-05-01 15:03:18,605 [Worker-32] INFO  o.e.m.c.i.l.LifecycleMappingFactory - Using org.eclipse.m2e.jdt.JarLifecycleMapping lifecycle mapping for MavenProject: org.erdem.advanced:advanced-jaxrs-01:0.0.1-SNAPSHOT @ D:\GitHub\webserviceAdvanced\advanced-jaxrs-01\pom.xml.
2016-05-01 15:03:19,017 [Worker-25] INFO  o.e.m.c.i.embedder.EclipseLogger - Using 'UTF-8' encoding to copy filtered resources.
2016-05-01 15:03:19,017 [Worker-25] INFO  o.e.m.c.i.embedder.EclipseLogger - skip non existing resourceDirectory D:\GitHub\webserviceAdvanced\advanced-jaxrs-01\src\main\resources
2016-05-01 15:03:19,017 [Worker-25] INFO  o.e.m.c.i.embedder.EclipseLogger - Using 'UTF-8' encoding to copy filtered resources.
2016-05-01 15:03:19,017 [Worker-25] INFO  o.e.m.c.i.embedder.EclipseLogger - skip non existing resourceDirectory D:\GitHub\webserviceAdvanced\advanced-jaxrs-01\src\test\resources
2016-05-01 15:03:44,743 [Worker-34] INFO  o.e.m.c.i.p.ProjectConfigurationManager - Update started
2016-05-01 15:03:44,775 [Worker-34] INFO  o.e.m.c.i.l.LifecycleMappingFactory - Using org.eclipse.m2e.jdt.JarLifecycleMapping lifecycle mapping for MavenProject: org.erdem.advanced:advanced-jaxrs-01:0.0.1-SNAPSHOT @ D:\GitHub\webserviceAdvanced\advanced-jaxrs-01\pom.xml.
2016-05-01 15:03:44,822 [Worker-34] INFO  o.e.m.j.i.AbstractJavaProjectConfigurator - Adding source folder /advanced-jaxrs-01/src/main/java
2016-05-01 15:03:44,822 [Worker-34] INFO  o.e.m.j.i.AbstractJavaProjectConfigurator - Adding source folder /advanced-jaxrs-01/src/test/java
2016-05-01 15:03:44,870 [Worker-34] INFO  o.e.m.c.i.p.ProjectConfigurationManager - Update completed: 0 sec
2016-05-01 15:03:45,054 [Worker-30] INFO  o.e.m.c.i.embedder.EclipseLogger - Using 'UTF-8' encoding to copy filtered resources.
2016-05-01 15:03:45,054 [Worker-30] INFO  o.e.m.c.i.embedder.EclipseLogger - skip non existing resourceDirectory D:\GitHub\webserviceAdvanced\advanced-jaxrs-01\src\main\resources
2016-05-01 15:03:45,054 [Worker-30] INFO  o.e.m.c.i.embedder.EclipseLogger - Using 'UTF-8' encoding to copy filtered resources.
2016-05-01 15:03:45,054 [Worker-30] INFO  o.e.m.c.i.embedder.EclipseLogger - skip non existing resourceDirectory D:\GitHub\webserviceAdvanced\advanced-jaxrs-01\src\test\resources
2016-05-01 15:04:45,070 [Worker-31] INFO  o.e.m.c.i.l.LifecycleMappingFactory - Using org.eclipse.m2e.jdt.JarLifecycleMapping lifecycle mapping for MavenProject: org.erdem.advanced:advanced-jaxrs-01:0.0.1-SNAPSHOT @ D:\GitHub\webserviceAdvanced\advanced-jaxrs-01\pom.xml.
2016-05-01 15:04:45,086 [Worker-31] INFO  o.e.m.c.i.embedder.EclipseLogger - Using 'UTF-8' encoding to copy filtered resources.
2016-05-01 15:04:45,086 [Worker-31] INFO  o.e.m.c.i.embedder.EclipseLogger - skip non existing resourceDirectory D:\GitHub\webserviceAdvanced\advanced-jaxrs-01\src\main\resources
2016-05-01 15:04:45,101 [Worker-31] INFO  o.e.m.c.i.embedder.EclipseLogger - Using 'UTF-8' encoding to copy filtered resources.
2016-05-01 15:04:45,101 [Worker-31] INFO  o.e.m.c.i.embedder.EclipseLogger - skip non existing resourceDirectory D:\GitHub\webserviceAdvanced\advanced-jaxrs-01\src\test\resources
2016-05-01 15:10:07,377 [Worker-36] INFO  o.e.m.c.i.l.LifecycleMappingFactory - Using org.eclipse.m2e.jdt.JarLifecycleMapping lifecycle mapping for MavenProject: org.erdem.advanced:advanced-jaxrs-01:0.0.1-SNAPSHOT @ D:\GitHub\webserviceAdvanced\advanced-jaxrs-01\pom.xml.
2016-05-01 15:10:07,379 [Worker-36] INFO  c.n.h.c.p.n.NettyAsyncHttpProvider - Number of application's worked threads is 16
2016-05-01 15:10:07,544 [New I/O client worker #23-1] INFO  o.e.m.c.i.e.AbstractTransferListenerAdapter - Downloading http://repo.maven.apache.org/maven2/org/glassfish/jersey/bundles/jaxrs-ri/2.16/jaxrs-ri-2.16.pom
2016-05-01 15:10:07,603 [New I/O client worker #23-1] INFO  o.e.m.c.i.e.AbstractTransferListenerAdapter - Downloaded http://repo.maven.apache.org/maven2/org/glassfish/jersey/bundles/jaxrs-ri/2.16/jaxrs-ri-2.16.pom
2016-05-01 15:10:07,761 [Worker-36] INFO  c.n.h.c.p.n.NettyAsyncHttpProvider - Number of application's worked threads is 16
2016-05-01 15:10:07,945 [New I/O client worker #24-1] INFO  o.e.m.c.i.e.AbstractTransferListenerAdapter - Downloading http://repo.maven.apache.org/maven2/org/glassfish/jersey/containers/jersey-container-servlet/2.16/jersey-container-servlet-2.16.pom
2016-05-01 15:10:07,951 [New I/O client worker #24-1] INFO  o.e.m.c.i.e.AbstractTransferListenerAdapter - Downloaded http://repo.maven.apache.org/maven2/org/glassfish/jersey/containers/jersey-container-servlet/2.16/jersey-container-servlet-2.16.pom
2016-05-01 15:10:08,052 [Worker-36] INFO  c.n.h.c.p.n.NettyAsyncHttpProvider - Number of application's worked threads is 16
2016-05-01 15:10:08,256 [New I/O client worker #25-1] INFO  o.e.m.c.i.e.AbstractTransferListenerAdapter - Downloaded http://repo.maven.apache.org/maven2/org/glassfish/jersey/media/jaxrs-media-moxy/2.16/jaxrs-media-moxy-2.16.pom
2016-05-01 15:10:08,261 [Worker-36] WARN  o.e.m.c.i.embedder.EclipseLogger - The POM for org.glassfish.jersey.media:jaxrs-media-moxy:jar:2.16 is missing, no dependency information available
2016-05-01 15:10:08,276 [Worker-36] INFO  c.n.h.c.p.n.NettyAsyncHttpProvider - Number of application's worked threads is 16
2016-05-01 15:10:08,393 [New I/O client worker #26-9] INFO  o.e.m.c.i.e.AbstractTransferListenerAdapter - Downloading http://repo.maven.apache.org/maven2/org/glassfish/jersey/containers/jersey-container-servlet/2.16/jersey-container-servlet-2.16-sources.jar
2016-05-01 15:10:08,397 [New I/O client worker #26-3] INFO  o.e.m.c.i.e.AbstractTransferListenerAdapter - Downloading http://repo.maven.apache.org/maven2/org/glassfish/jersey/containers/jersey-container-servlet/2.16/jersey-container-servlet-2.16.jar
2016-05-01 15:10:08,397 [New I/O client worker #26-2] INFO  o.e.m.c.i.e.AbstractTransferListenerAdapter - Downloading http://repo.maven.apache.org/maven2/javax/ws/rs/javax.ws.rs-api/2.0.1/javax.ws.rs-api-2.0.1-sources.jar
2016-05-01 15:10:08,403 [New I/O client worker #26-5] INFO  o.e.m.c.i.e.AbstractTransferListenerAdapter - Downloading http://repo.maven.apache.org/maven2/org/glassfish/jersey/media/jersey-media-jaxb/2.16/jersey-media-jaxb-2.16-sources.jar
2016-05-01 15:10:08,407 [New I/O client worker #26-4] INFO  o.e.m.c.i.e.AbstractTransferListenerAdapter - Downloading http://repo.maven.apache.org/maven2/org/glassfish/jersey/core/jersey-common/2.16/jersey-common-2.16-sources.jar
2016-05-01 15:10:08,411 [New I/O client worker #26-6] INFO  o.e.m.c.i.e.AbstractTransferListenerAdapter - Downloading http://repo.maven.apache.org/maven2/org/glassfish/jersey/core/jersey-client/2.16/jersey-client-2.16-sources.jar
2016-05-01 15:10:08,411 [New I/O client worker #26-8] INFO  o.e.m.c.i.e.AbstractTransferListenerAdapter - Downloading http://repo.maven.apache.org/maven2/org/glassfish/jersey/containers/jersey-container-servlet-core/2.16/jersey-container-servlet-core-2.16-sources.jar
2016-05-01 15:10:08,420 [New I/O client worker #26-7] INFO  o.e.m.c.i.e.AbstractTransferListenerAdapter - Downloading http://repo.maven.apache.org/maven2/org/glassfish/jersey/core/jersey-server/2.16/jersey-server-2.16-sources.jar
2016-05-01 15:10:08,423 [New I/O client worker #26-1] INFO  o.e.m.c.i.e.AbstractTransferListenerAdapter - Downloading http://repo.maven.apache.org/maven2/org/glassfish/jersey/bundles/jaxrs-ri/2.16/jaxrs-ri-2.16.jar
2016-05-01 15:10:08,471 [New I/O client worker #26-9] INFO  o.e.m.c.i.e.AbstractTransferListenerAdapter - Downloaded http://repo.maven.apache.org/maven2/org/glassfish/jersey/containers/jersey-container-servlet/2.16/jersey-container-servlet-2.16-sources.jar
2016-05-01 15:10:08,492 [New I/O client worker #26-3] INFO  o.e.m.c.i.e.AbstractTransferListenerAdapter - Downloaded http://repo.maven.apache.org/maven2/org/glassfish/jersey/containers/jersey-container-servlet/2.16/jersey-container-servlet-2.16.jar
2016-05-01 15:10:08,529 [New I/O client worker #26-5] INFO  o.e.m.c.i.e.AbstractTransferListenerAdapter - Downloaded http://repo.maven.apache.org/maven2/org/glassfish/jersey/media/jersey-media-jaxb/2.16/jersey-media-jaxb-2.16-sources.jar
2016-05-01 15:10:08,555 [New I/O client worker #26-8] INFO  o.e.m.c.i.e.AbstractTransferListenerAdapter - Downloaded http://repo.maven.apache.org/maven2/org/glassfish/jersey/containers/jersey-container-servlet-core/2.16/jersey-container-servlet-core-2.16-sources.jar
2016-05-01 15:10:08,566 [New I/O client worker #26-10] INFO  o.e.m.c.i.e.AbstractTransferListenerAdapter - Downloaded http://repo.maven.apache.org/maven2/org/glassfish/jersey/media/jaxrs-media-moxy/2.16/jaxrs-media-moxy-2.16.jar
2016-05-01 15:10:09,648 [New I/O client worker #26-6] INFO  o.e.m.c.i.e.AbstractTransferListenerAdapter - Downloaded http://repo.maven.apache.org/maven2/org/glassfish/jersey/core/jersey-client/2.16/jersey-client-2.16-sources.jar
2016-05-01 15:10:09,930 [New I/O client worker #26-2] INFO  o.e.m.c.i.e.AbstractTransferListenerAdapter - Downloaded http://repo.maven.apache.org/maven2/javax/ws/rs/javax.ws.rs-api/2.0.1/javax.ws.rs-api-2.0.1-sources.jar
2016-05-01 15:10:10,439 [New I/O client worker #26-4] INFO  o.e.m.c.i.e.AbstractTransferListenerAdapter - Downloaded http://repo.maven.apache.org/maven2/org/glassfish/jersey/core/jersey-common/2.16/jersey-common-2.16-sources.jar
2016-05-01 15:10:11,467 [New I/O client worker #26-1] INFO  o.e.m.c.i.e.AbstractTransferListenerAdapter - Downloaded http://repo.maven.apache.org/maven2/org/glassfish/jersey/bundles/jaxrs-ri/2.16/jaxrs-ri-2.16.jar
2016-05-01 15:10:12,116 [New I/O client worker #26-7] INFO  o.e.m.c.i.e.AbstractTransferListenerAdapter - Downloaded http://repo.maven.apache.org/maven2/org/glassfish/jersey/core/jersey-server/2.16/jersey-server-2.16-sources.jar
2016-05-01 15:10:13,586 [Worker-36] INFO  o.e.m.c.i.embedder.EclipseLogger - Using 'UTF-8' encoding to copy filtered resources.
2016-05-01 15:10:13,586 [Worker-36] INFO  o.e.m.c.i.embedder.EclipseLogger - skip non existing resourceDirectory D:\GitHub\webserviceAdvanced\advanced-jaxrs-01\src\main\resources
2016-05-01 15:10:13,587 [Worker-36] INFO  o.e.m.c.i.embedder.EclipseLogger - Using 'UTF-8' encoding to copy filtered resources.
2016-05-01 15:10:13,587 [Worker-36] INFO  o.e.m.c.i.embedder.EclipseLogger - skip non existing resourceDirectory D:\GitHub\webserviceAdvanced\advanced-jaxrs-01\src\test\resources
2016-05-01 15:10:16,861 [Worker-44] INFO  o.e.m.c.i.p.ProjectConfigurationManager - Update started
2016-05-01 15:10:16,914 [Worker-44] INFO  o.e.m.c.i.l.LifecycleMappingFactory - Using org.eclipse.m2e.jdt.JarLifecycleMapping lifecycle mapping for MavenProject: org.erdem.advanced:advanced-jaxrs-01:0.0.1-SNAPSHOT @ D:\GitHub\webserviceAdvanced\advanced-jaxrs-01\pom.xml.
2016-05-01 15:10:17,035 [Worker-44] WARN  o.e.m.c.i.embedder.EclipseLogger - The POM for org.glassfish.jersey.media:jaxrs-media-moxy:jar:2.16 is missing, no dependency information available
2016-05-01 15:10:17,115 [Worker-44] INFO  o.e.m.j.i.AbstractJavaProjectConfigurator - Adding source folder /advanced-jaxrs-01/src/main/java
2016-05-01 15:10:17,115 [Worker-44] INFO  o.e.m.j.i.AbstractJavaProjectConfigurator - Adding source folder /advanced-jaxrs-01/src/test/java
2016-05-01 15:10:17,203 [Worker-44] INFO  o.e.m.c.i.p.ProjectConfigurationManager - Update completed: 0 sec
2016-05-01 15:10:17,311 [Worker-38] INFO  o.e.m.c.i.embedder.EclipseLogger - Using 'UTF-8' encoding to copy filtered resources.
2016-05-01 15:10:17,311 [Worker-38] INFO  o.e.m.c.i.embedder.EclipseLogger - skip non existing resourceDirectory D:\GitHub\webserviceAdvanced\advanced-jaxrs-01\src\main\resources
2016-05-01 15:10:17,313 [Worker-38] INFO  o.e.m.c.i.embedder.EclipseLogger - Using 'UTF-8' encoding to copy filtered resources.
2016-05-01 15:10:17,313 [Worker-38] INFO  o.e.m.c.i.embedder.EclipseLogger - skip non existing resourceDirectory D:\GitHub\webserviceAdvanced\advanced-jaxrs-01\src\test\resources
2016-05-01 15:13:29,209 [Worker-42] INFO  o.e.m.c.i.l.LifecycleMappingFactory - Using org.eclipse.m2e.jdt.JarLifecycleMapping lifecycle mapping for MavenProject: org.erdem.advanced:advanced-jaxrs-01:0.0.1-SNAPSHOT @ D:\GitHub\webserviceAdvanced\advanced-jaxrs-01\pom.xml.
2016-05-01 15:13:29,394 [Worker-42] INFO  o.e.m.c.i.embedder.EclipseLogger - Using 'UTF-8' encoding to copy filtered resources.
2016-05-01 15:13:29,394 [Worker-42] INFO  o.e.m.c.i.embedder.EclipseLogger - skip non existing resourceDirectory D:\GitHub\webserviceAdvanced\advanced-jaxrs-01\src\main\resources
2016-05-01 15:13:29,394 [Worker-42] INFO  o.e.m.c.i.embedder.EclipseLogger - Using 'UTF-8' encoding to copy filtered resources.
2016-05-01 15:13:29,394 [Worker-42] INFO  o.e.m.c.i.embedder.EclipseLogger - skip non existing resourceDirectory D:\GitHub\webserviceAdvanced\advanced-jaxrs-01\src\test\resources
2016-05-01 15:13:30,561 [Worker-44] INFO  o.e.m.c.i.embedder.EclipseLogger - Using 'UTF-8' encoding to copy filtered resources.
2016-05-01 15:13:30,561 [Worker-44] INFO  o.e.m.c.i.embedder.EclipseLogger - skip non existing resourceDirectory D:\GitHub\webserviceAdvanced\advanced-jaxrs-01\src\main\resources
2016-05-01 15:13:30,561 [Worker-44] INFO  o.e.m.c.i.embedder.EclipseLogger - Using 'UTF-8' encoding to copy filtered resources.
2016-05-01 15:13:30,561 [Worker-44] INFO  o.e.m.c.i.embedder.EclipseLogger - skip non existing resourceDirectory D:\GitHub\webserviceAdvanced\advanced-jaxrs-01\src\test\resources
2016-05-01 15:16:03,112 [Worker-49] INFO  o.e.m.c.i.l.LifecycleMappingFactory - Using org.eclipse.m2e.jdt.JarLifecycleMapping lifecycle mapping for MavenProject: org.erdem.advanced:advanced-jaxrs-01:0.0.1-SNAPSHOT @ D:\GitHub\webserviceAdvanced\advanced-jaxrs-01\pom.xml.
2016-05-01 15:16:03,281 [Worker-49] INFO  o.e.m.c.i.embedder.EclipseLogger - Using 'UTF-8' encoding to copy filtered resources.
2016-05-01 15:16:03,281 [Worker-49] INFO  o.e.m.c.i.embedder.EclipseLogger - skip non existing resourceDirectory D:\GitHub\webserviceAdvanced\advanced-jaxrs-01\src\main\resources
2016-05-01 15:16:03,281 [Worker-49] INFO  o.e.m.c.i.embedder.EclipseLogger - Using 'UTF-8' encoding to copy filtered resources.
2016-05-01 15:16:03,281 [Worker-49] INFO  o.e.m.c.i.embedder.EclipseLogger - skip non existing resourceDirectory D:\GitHub\webserviceAdvanced\advanced-jaxrs-01\src\test\resources
2016-05-01 15:16:50,355 [Worker-51] INFO  o.e.m.c.i.p.ProjectConfigurationManager - Update started
2016-05-01 15:16:50,407 [Worker-51] INFO  o.e.m.c.i.l.LifecycleMappingFactory - Using org.eclipse.m2e.jdt.JarLifecycleMapping lifecycle mapping for MavenProject: org.erdem.advanced:advanced-jaxrs-01:0.0.1-SNAPSHOT @ D:\GitHub\webserviceAdvanced\advanced-jaxrs-01\pom.xml.
2016-05-01 15:16:50,606 [Worker-51] INFO  o.e.m.j.i.AbstractJavaProjectConfigurator - Adding source folder /advanced-jaxrs-01/src/main/java
2016-05-01 15:16:50,606 [Worker-51] INFO  o.e.m.j.i.AbstractJavaProjectConfigurator - Adding source folder /advanced-jaxrs-01/src/test/java
2016-05-01 15:16:50,687 [Worker-51] INFO  o.e.m.c.i.p.ProjectConfigurationManager - Update completed: 0 sec
2016-05-01 15:16:50,822 [Worker-51] INFO  o.e.m.c.i.embedder.EclipseLogger - Using 'UTF-8' encoding to copy filtered resources.
2016-05-01 15:16:50,822 [Worker-51] INFO  o.e.m.c.i.embedder.EclipseLogger - skip non existing resourceDirectory D:\GitHub\webserviceAdvanced\advanced-jaxrs-01\src\main\resources
2016-05-01 15:16:50,823 [Worker-51] INFO  o.e.m.c.i.embedder.EclipseLogger - Using 'UTF-8' encoding to copy filtered resources.
2016-05-01 15:16:50,823 [Worker-51] INFO  o.e.m.c.i.embedder.EclipseLogger - skip non existing resourceDirectory D:\GitHub\webserviceAdvanced\advanced-jaxrs-01\src\test\resources
2016-05-01 15:19:28,948 [Worker-44] INFO  o.e.m.c.i.embedder.EclipseLogger - Using 'UTF-8' encoding to copy filtered resources.
2016-05-01 15:19:28,948 [Worker-44] INFO  o.e.m.c.i.embedder.EclipseLogger - skip non existing resourceDirectory D:\GitHub\webserviceAdvanced\advanced-jaxrs-01\src\main\resources
2016-05-01 15:19:28,948 [Worker-44] INFO  o.e.m.c.i.embedder.EclipseLogger - Using 'UTF-8' encoding to copy filtered resources.
2016-05-01 15:19:28,948 [Worker-44] INFO  o.e.m.c.i.embedder.EclipseLogger - skip non existing resourceDirectory D:\GitHub\webserviceAdvanced\advanced-jaxrs-01\src\test\resources
2016-05-01 15:21:57,397 [Worker-44] INFO  o.e.m.c.i.embedder.EclipseLogger - Using 'UTF-8' encoding to copy filtered resources.
2016-05-01 15:21:57,397 [Worker-44] INFO  o.e.m.c.i.embedder.EclipseLogger - skip non existing resourceDirectory D:\GitHub\webserviceAdvanced\advanced-jaxrs-01\src\main\resources
2016-05-01 15:21:57,397 [Worker-44] INFO  o.e.m.c.i.embedder.EclipseLogger - Using 'UTF-8' encoding to copy filtered resources.
2016-05-01 15:21:57,397 [Worker-44] INFO  o.e.m.c.i.embedder.EclipseLogger - skip non existing resourceDirectory D:\GitHub\webserviceAdvanced\advanced-jaxrs-01\src\test\resources
2016-05-01 15:24:27,102 [Worker-57] INFO  o.e.m.c.i.embedder.EclipseLogger - Using 'UTF-8' encoding to copy filtered resources.
2016-05-01 15:24:27,102 [Worker-57] INFO  o.e.m.c.i.embedder.EclipseLogger - skip non existing resourceDirectory D:\GitHub\webserviceAdvanced\advanced-jaxrs-01\src\main\resources
2016-05-01 15:24:27,102 [Worker-57] INFO  o.e.m.c.i.embedder.EclipseLogger - Using 'UTF-8' encoding to copy filtered resources.
2016-05-01 15:24:27,102 [Worker-57] INFO  o.e.m.c.i.embedder.EclipseLogger - skip non existing resourceDirectory D:\GitHub\webserviceAdvanced\advanced-jaxrs-01\src\test\resources
2016-05-01 15:36:58,956 [Worker-63] INFO  o.e.m.c.i.embedder.EclipseLogger - Using 'UTF-8' encoding to copy filtered resources.
2016-05-01 15:36:58,957 [Worker-63] INFO  o.e.m.c.i.embedder.EclipseLogger - skip non existing resourceDirectory D:\GitHub\webserviceAdvanced\advanced-jaxrs-01\src\main\resources
2016-05-01 15:36:58,957 [Worker-63] INFO  o.e.m.c.i.embedder.EclipseLogger - Using 'UTF-8' encoding to copy filtered resources.
2016-05-01 15:36:58,957 [Worker-63] INFO  o.e.m.c.i.embedder.EclipseLogger - skip non existing resourceDirectory D:\GitHub\webserviceAdvanced\advanced-jaxrs-01\src\test\resources
2016-05-01 15:51:49,974 [Worker-93] ERROR o.e.m.j.i.l.MavenLaunchConfigurationListener - Launch configuration advanced-jaxrs-01 references closed project advanced-jaxrs-01
org.eclipse.core.runtime.CoreException: Launch configuration advanced-jaxrs-01 references closed project advanced-jaxrs-01
	at org.eclipse.jdt.launching.JavaRuntime.abort(JavaRuntime.java:1403) ~[org.eclipse.jdt.launching_3.7.1.v20131218-1102.jar:na]
	at org.eclipse.jdt.launching.JavaRuntime.getJavaProject(JavaRuntime.java:1275) ~[org.eclipse.jdt.launching_3.7.1.v20131218-1102.jar:na]
	at org.eclipse.m2e.jdt.internal.launch.MavenLaunchConfigurationListener.updateLaunchConfiguration(MavenLaunchConfigurationListener.java:53) [org.eclipse.m2e.jdt_1.4.0.20130601-0317.jar:na]
	at org.eclipse.m2e.jdt.internal.launch.MavenLaunchConfigurationListener.launchConfigurationChanged(MavenLaunchConfigurationListener.java:38) [org.eclipse.m2e.jdt_1.4.0.20130601-0317.jar:na]
	at org.eclipse.debug.internal.core.LaunchManager$ConfigurationNotifier.run(LaunchManager.java:228) [org.eclipse.debug.core_3.8.0.v20130514-0954.jar:na]
	at org.eclipse.core.runtime.SafeRunner.run(SafeRunner.java:42) [org.eclipse.equinox.common_3.6.200.v20130402-1505.jar:na]
	at org.eclipse.debug.internal.core.LaunchManager$ConfigurationNotifier.notify(LaunchManager.java:209) [org.eclipse.debug.core_3.8.0.v20130514-0954.jar:na]
	at org.eclipse.debug.internal.core.LaunchConfigurationWorkingCopy.setDirty(LaunchConfigurationWorkingCopy.java:538) [org.eclipse.debug.core_3.8.0.v20130514-0954.jar:na]
	at org.eclipse.debug.internal.core.LaunchConfigurationWorkingCopy.setAttribute(LaunchConfigurationWorkingCopy.java:419) [org.eclipse.debug.core_3.8.0.v20130514-0954.jar:na]
	at org.eclipse.m2e.jdt.internal.launch.MavenRuntimeClasspathProvider.disable(MavenRuntimeClasspathProvider.java:297) [org.eclipse.m2e.jdt_1.4.0.20130601-0317.jar:na]
	at org.eclipse.m2e.jdt.internal.launch.MavenRuntimeClasspathProvider.disable(MavenRuntimeClasspathProvider.java:323) [org.eclipse.m2e.jdt_1.4.0.20130601-0317.jar:na]
	at org.eclipse.m2e.jdt.internal.launch.MavenLaunchConfigurationListener.mavenProjectChanged(MavenLaunchConfigurationListener.java:70) [org.eclipse.m2e.jdt_1.4.0.20130601-0317.jar:na]
	at org.eclipse.m2e.core.internal.project.registry.ProjectRegistryManager.notifyProjectChangeListeners(ProjectRegistryManager.java:746) [org.eclipse.m2e.core_1.4.0.20130601-0317.jar:na]
	at org.eclipse.m2e.core.internal.project.registry.ProjectRegistryManager.applyMutableProjectRegistry(ProjectRegistryManager.java:865) [org.eclipse.m2e.core_1.4.0.20130601-0317.jar:na]
	at org.eclipse.m2e.core.internal.project.registry.ProjectRegistryRefreshJob.run(ProjectRegistryRefreshJob.java:101) [org.eclipse.m2e.core_1.4.0.20130601-0317.jar:na]
	at org.eclipse.core.internal.jobs.Worker.run(Worker.java:53) [org.eclipse.core.jobs_3.5.300.v20130429-1813.jar:na]
2016-05-01 15:51:49,974 [Worker-93] ERROR o.e.m.j.i.l.MavenLaunchConfigurationListener - Launch configuration advanced-jaxrs-01 references closed project advanced-jaxrs-01
org.eclipse.core.runtime.CoreException: Launch configuration advanced-jaxrs-01 references closed project advanced-jaxrs-01
	at org.eclipse.jdt.launching.JavaRuntime.abort(JavaRuntime.java:1403) ~[org.eclipse.jdt.launching_3.7.1.v20131218-1102.jar:na]
	at org.eclipse.jdt.launching.JavaRuntime.getJavaProject(JavaRuntime.java:1275) ~[org.eclipse.jdt.launching_3.7.1.v20131218-1102.jar:na]
	at org.eclipse.m2e.jdt.internal.launch.MavenLaunchConfigurationListener.updateLaunchConfiguration(MavenLaunchConfigurationListener.java:53) [org.eclipse.m2e.jdt_1.4.0.20130601-0317.jar:na]
	at org.eclipse.m2e.jdt.internal.launch.MavenLaunchConfigurationListener.launchConfigurationChanged(MavenLaunchConfigurationListener.java:38) [org.eclipse.m2e.jdt_1.4.0.20130601-0317.jar:na]
	at org.eclipse.debug.internal.core.LaunchManager$ConfigurationNotifier.run(LaunchManager.java:228) [org.eclipse.debug.core_3.8.0.v20130514-0954.jar:na]
	at org.eclipse.core.runtime.SafeRunner.run(SafeRunner.java:42) [org.eclipse.equinox.common_3.6.200.v20130402-1505.jar:na]
	at org.eclipse.debug.internal.core.LaunchManager$ConfigurationNotifier.notify(LaunchManager.java:209) [org.eclipse.debug.core_3.8.0.v20130514-0954.jar:na]
	at org.eclipse.debug.internal.core.LaunchConfigurationWorkingCopy.setDirty(LaunchConfigurationWorkingCopy.java:538) [org.eclipse.debug.core_3.8.0.v20130514-0954.jar:na]
	at org.eclipse.debug.internal.core.LaunchConfigurationWorkingCopy.setAttribute(LaunchConfigurationWorkingCopy.java:419) [org.eclipse.debug.core_3.8.0.v20130514-0954.jar:na]
	at org.eclipse.m2e.jdt.internal.launch.MavenRuntimeClasspathProvider.disable(MavenRuntimeClasspathProvider.java:298) [org.eclipse.m2e.jdt_1.4.0.20130601-0317.jar:na]
	at org.eclipse.m2e.jdt.internal.launch.MavenRuntimeClasspathProvider.disable(MavenRuntimeClasspathProvider.java:323) [org.eclipse.m2e.jdt_1.4.0.20130601-0317.jar:na]
	at org.eclipse.m2e.jdt.internal.launch.MavenLaunchConfigurationListener.mavenProjectChanged(MavenLaunchConfigurationListener.java:70) [org.eclipse.m2e.jdt_1.4.0.20130601-0317.jar:na]
	at org.eclipse.m2e.core.internal.project.registry.ProjectRegistryManager.notifyProjectChangeListeners(ProjectRegistryManager.java:746) [org.eclipse.m2e.core_1.4.0.20130601-0317.jar:na]
	at org.eclipse.m2e.core.internal.project.registry.ProjectRegistryManager.applyMutableProjectRegistry(ProjectRegistryManager.java:865) [org.eclipse.m2e.core_1.4.0.20130601-0317.jar:na]
	at org.eclipse.m2e.core.internal.project.registry.ProjectRegistryRefreshJob.run(ProjectRegistryRefreshJob.java:101) [org.eclipse.m2e.core_1.4.0.20130601-0317.jar:na]
	at org.eclipse.core.internal.jobs.Worker.run(Worker.java:53) [org.eclipse.core.jobs_3.5.300.v20130429-1813.jar:na]
2016-05-01 15:51:49,989 [Worker-93] ERROR o.e.m.j.i.l.MavenLaunchConfigurationListener - Launch configuration advanced-jaxrs-01 references closed project advanced-jaxrs-01
org.eclipse.core.runtime.CoreException: Launch configuration advanced-jaxrs-01 references closed project advanced-jaxrs-01
	at org.eclipse.jdt.launching.JavaRuntime.abort(JavaRuntime.java:1403) ~[org.eclipse.jdt.launching_3.7.1.v20131218-1102.jar:na]
	at org.eclipse.jdt.launching.JavaRuntime.getJavaProject(JavaRuntime.java:1275) ~[org.eclipse.jdt.launching_3.7.1.v20131218-1102.jar:na]
	at org.eclipse.m2e.jdt.internal.launch.MavenLaunchConfigurationListener.updateLaunchConfiguration(MavenLaunchConfigurationListener.java:53) [org.eclipse.m2e.jdt_1.4.0.20130601-0317.jar:na]
	at org.eclipse.m2e.jdt.internal.launch.MavenLaunchConfigurationListener.launchConfigurationChanged(MavenLaunchConfigurationListener.java:38) [org.eclipse.m2e.jdt_1.4.0.20130601-0317.jar:na]
	at org.eclipse.debug.internal.core.LaunchManager$ConfigurationNotifier.run(LaunchManager.java:228) [org.eclipse.debug.core_3.8.0.v20130514-0954.jar:na]
	at org.eclipse.core.runtime.SafeRunner.run(SafeRunner.java:42) [org.eclipse.equinox.common_3.6.200.v20130402-1505.jar:na]
	at org.eclipse.debug.internal.core.LaunchManager$ConfigurationNotifier.notify(LaunchManager.java:209) [org.eclipse.debug.core_3.8.0.v20130514-0954.jar:na]
	at org.eclipse.debug.internal.core.LaunchManager.launchConfigurationChanged(LaunchManager.java:2141) [org.eclipse.debug.core_3.8.0.v20130514-0954.jar:na]
	at org.eclipse.debug.internal.core.LaunchConfigurationWorkingCopy.writeNewFile(LaunchConfigurationWorkingCopy.java:380) [org.eclipse.debug.core_3.8.0.v20130514-0954.jar:na]
	at org.eclipse.debug.internal.core.LaunchConfigurationWorkingCopy.doSave0(LaunchConfigurationWorkingCopy.java:246) [org.eclipse.debug.core_3.8.0.v20130514-0954.jar:na]
	at org.eclipse.debug.internal.core.LaunchConfigurationWorkingCopy.doSave(LaunchConfigurationWorkingCopy.java:216) [org.eclipse.debug.core_3.8.0.v20130514-0954.jar:na]
	at org.eclipse.debug.internal.core.LaunchConfigurationWorkingCopy.doSave(LaunchConfigurationWorkingCopy.java:170) [org.eclipse.debug.core_3.8.0.v20130514-0954.jar:na]
	at org.eclipse.m2e.jdt.internal.launch.MavenRuntimeClasspathProvider.disable(MavenRuntimeClasspathProvider.java:299) [org.eclipse.m2e.jdt_1.4.0.20130601-0317.jar:na]
	at org.eclipse.m2e.jdt.internal.launch.MavenRuntimeClasspathProvider.disable(MavenRuntimeClasspathProvider.java:323) [org.eclipse.m2e.jdt_1.4.0.20130601-0317.jar:na]
	at org.eclipse.m2e.jdt.internal.launch.MavenLaunchConfigurationListener.mavenProjectChanged(MavenLaunchConfigurationListener.java:70) [org.eclipse.m2e.jdt_1.4.0.20130601-0317.jar:na]
	at org.eclipse.m2e.core.internal.project.registry.ProjectRegistryManager.notifyProjectChangeListeners(ProjectRegistryManager.java:746) [org.eclipse.m2e.core_1.4.0.20130601-0317.jar:na]
	at org.eclipse.m2e.core.internal.project.registry.ProjectRegistryManager.applyMutableProjectRegistry(ProjectRegistryManager.java:865) [org.eclipse.m2e.core_1.4.0.20130601-0317.jar:na]
	at org.eclipse.m2e.core.internal.project.registry.ProjectRegistryRefreshJob.run(ProjectRegistryRefreshJob.java:101) [org.eclipse.m2e.core_1.4.0.20130601-0317.jar:na]
	at org.eclipse.core.internal.jobs.Worker.run(Worker.java:53) [org.eclipse.core.jobs_3.5.300.v20130429-1813.jar:na]
2016-05-01 15:51:56,189 [Worker-95] INFO  o.e.m.c.i.l.LifecycleMappingFactory - Using org.eclipse.m2e.jdt.JarLifecycleMapping lifecycle mapping for MavenProject: org.erdem.advanced:advanced-jaxrs-01:0.0.1-SNAPSHOT @ D:\GitHub\webserviceAdvanced\advanced-jaxrs-01\pom.xml.
2016-05-01 15:51:56,474 [Worker-98] INFO  o.e.m.c.i.embedder.EclipseLogger - Using 'UTF-8' encoding to copy filtered resources.
2016-05-01 15:51:56,474 [Worker-98] INFO  o.e.m.c.i.embedder.EclipseLogger - skip non existing resourceDirectory D:\GitHub\webserviceAdvanced\advanced-jaxrs-01\src\main\resources
2016-05-01 15:51:56,474 [Worker-98] INFO  o.e.m.c.i.embedder.EclipseLogger - Using 'UTF-8' encoding to copy filtered resources.
2016-05-01 15:51:56,474 [Worker-98] INFO  o.e.m.c.i.embedder.EclipseLogger - skip non existing resourceDirectory D:\GitHub\webserviceAdvanced\advanced-jaxrs-01\src\test\resources
2016-05-01 15:53:32,473 [Worker-95] INFO  o.e.m.c.i.l.LifecycleMappingFactory - Using org.eclipse.m2e.jdt.JarLifecycleMapping lifecycle mapping for MavenProject: org.erdem.advanced:advanced-jaxrs-01:0.0.1-SNAPSHOT @ D:\GitHub\webserviceAdvanced\advanced-jaxrs-01\pom.xml.
2016-05-01 15:53:32,658 [Worker-95] INFO  o.e.m.c.i.embedder.EclipseLogger - Using 'UTF-8' encoding to copy filtered resources.
2016-05-01 15:53:32,658 [Worker-95] INFO  o.e.m.c.i.embedder.EclipseLogger - skip non existing resourceDirectory D:\GitHub\webserviceAdvanced\advanced-jaxrs-01\src\main\resources
2016-05-01 15:53:32,658 [Worker-95] INFO  o.e.m.c.i.embedder.EclipseLogger - Using 'UTF-8' encoding to copy filtered resources.
2016-05-01 15:53:32,658 [Worker-95] INFO  o.e.m.c.i.embedder.EclipseLogger - skip non existing resourceDirectory D:\GitHub\webserviceAdvanced\advanced-jaxrs-01\src\test\resources
2016-05-01 15:55:51,035 [Worker-106] INFO  o.e.m.c.i.l.LifecycleMappingFactory - Using org.eclipse.m2e.jdt.JarLifecycleMapping lifecycle mapping for MavenProject: org.erdem.advanced:advanced-jaxrs-01:0.0.1-SNAPSHOT @ D:\GitHub\webserviceAdvanced\advanced-jaxrs-01\pom.xml.
2016-05-01 15:55:51,189 [Worker-106] INFO  o.e.m.c.i.embedder.EclipseLogger - Using 'UTF-8' encoding to copy filtered resources.
2016-05-01 15:55:51,189 [Worker-106] INFO  o.e.m.c.i.embedder.EclipseLogger - skip non existing resourceDirectory D:\GitHub\webserviceAdvanced\advanced-jaxrs-01\src\main\resources
2016-05-01 15:55:51,205 [Worker-106] INFO  o.e.m.c.i.embedder.EclipseLogger - Using 'UTF-8' encoding to copy filtered resources.
2016-05-01 15:55:51,205 [Worker-106] INFO  o.e.m.c.i.embedder.EclipseLogger - skip non existing resourceDirectory D:\GitHub\webserviceAdvanced\advanced-jaxrs-01\src\test\resources
2016-05-01 15:55:52,255 [Worker-100] INFO  o.e.m.c.i.embedder.EclipseLogger - Using 'UTF-8' encoding to copy filtered resources.
2016-05-01 15:55:52,255 [Worker-100] INFO  o.e.m.c.i.embedder.EclipseLogger - skip non existing resourceDirectory D:\GitHub\webserviceAdvanced\advanced-jaxrs-01\src\main\resources
2016-05-01 15:55:52,255 [Worker-100] INFO  o.e.m.c.i.embedder.EclipseLogger - Using 'UTF-8' encoding to copy filtered resources.
2016-05-01 15:55:52,255 [Worker-100] INFO  o.e.m.c.i.embedder.EclipseLogger - skip non existing resourceDirectory D:\GitHub\webserviceAdvanced\advanced-jaxrs-01\src\test\resources
2016-05-01 15:56:23,676 [Worker-100] INFO  o.e.m.c.i.l.LifecycleMappingFactory - Using org.eclipse.m2e.jdt.JarLifecycleMapping lifecycle mapping for MavenProject: org.erdem.advanced:advanced-jaxrs-01:0.0.1-SNAPSHOT @ D:\GitHub\webserviceAdvanced\advanced-jaxrs-01\pom.xml.
2016-05-01 15:56:23,859 [Worker-100] INFO  o.e.m.c.i.embedder.EclipseLogger - Using 'UTF-8' encoding to copy filtered resources.
2016-05-01 15:56:23,859 [Worker-100] INFO  o.e.m.c.i.embedder.EclipseLogger - skip non existing resourceDirectory D:\GitHub\webserviceAdvanced\advanced-jaxrs-01\src\main\resources
2016-05-01 15:56:23,860 [Worker-100] INFO  o.e.m.c.i.embedder.EclipseLogger - Using 'UTF-8' encoding to copy filtered resources.
2016-05-01 15:56:23,860 [Worker-100] INFO  o.e.m.c.i.embedder.EclipseLogger - skip non existing resourceDirectory D:\GitHub\webserviceAdvanced\advanced-jaxrs-01\src\test\resources
2016-05-01 15:58:29,811 [ModalContext] INFO  c.n.h.c.p.n.NettyAsyncHttpProvider - Number of application's worked threads is 16
2016-05-01 15:58:30,006 [New I/O client worker #27-1] INFO  o.e.m.c.i.e.AbstractTransferListenerAdapter - Downloading http://repo.maven.apache.org/maven2/org/apache/maven/archetypes/maven-archetype-webapp/maven-metadata.xml
2016-05-01 15:58:30,009 [New I/O client worker #27-1] INFO  o.e.m.c.i.e.AbstractTransferListenerAdapter - Downloaded http://repo.maven.apache.org/maven2/org/apache/maven/archetypes/maven-archetype-webapp/maven-metadata.xml
2016-05-01 15:58:30,081 [ModalContext] INFO  c.n.h.c.p.n.NettyAsyncHttpProvider - Number of application's worked threads is 16
2016-05-01 15:58:30,197 [New I/O client worker #28-1] INFO  o.e.m.c.i.e.AbstractTransferListenerAdapter - Downloading http://repo.maven.apache.org/maven2/org/apache/maven/archetypes/maven-archetype-webapp/1.0/maven-archetype-webapp-1.0.jar
2016-05-01 15:58:30,207 [New I/O client worker #28-1] INFO  o.e.m.c.i.e.AbstractTransferListenerAdapter - Downloaded http://repo.maven.apache.org/maven2/org/apache/maven/archetypes/maven-archetype-webapp/1.0/maven-archetype-webapp-1.0.jar
2016-05-01 15:59:15,844 [Worker-93] INFO  c.n.h.c.p.n.NettyAsyncHttpProvider - Number of application's worked threads is 16
2016-05-01 15:59:16,023 [New I/O client worker #29-1] INFO  o.e.m.c.i.e.AbstractTransferListenerAdapter - Downloading http://repo.maven.apache.org/maven2/org/apache/maven/archetypes/maven-archetype-webapp/1.0/maven-archetype-webapp-1.0.pom
2016-05-01 15:59:16,027 [New I/O client worker #29-1] INFO  o.e.m.c.i.e.AbstractTransferListenerAdapter - Downloaded http://repo.maven.apache.org/maven2/org/apache/maven/archetypes/maven-archetype-webapp/1.0/maven-archetype-webapp-1.0.pom
2016-05-01 15:59:16,109 [pool-36-thread-1] INFO  o.e.m.c.i.e.AbstractTransferListenerAdapter - Downloaded file:///C:/Users/erdem/.m2/repository/org/apache/maven/archetypes/maven-archetype-webapp/1.0/maven-archetype-webapp-1.0.jar
2016-05-01 15:59:16,126 [Worker-93] INFO  o.e.m.c.i.p.ProjectConfigurationManager - Collecting project info '/pom.xml' D:\GitHub\webserviceAdvanced\advanced-jaxrs-01web\pom.xml
2016-05-01 15:59:16,197 [Worker-93] INFO  o.e.m.c.i.l.LifecycleMappingFactory - Using org.maven.ide.eclipse.wtp.WarLifecycleMapping lifecycle mapping for MavenProject: org.erdem.advanced:advanced-jaxrs-01web:0.0.1-SNAPSHOT @ D:\GitHub\webserviceAdvanced\advanced-jaxrs-01web\pom.xml.
2016-05-01 15:59:17,213 [Worker-93] INFO  o.e.m.j.i.AbstractJavaProjectConfigurator - Adding source folder /advanced-jaxrs-01web/src/main/java
2016-05-01 15:59:17,213 [Worker-93] INFO  o.e.m.j.i.AbstractJavaProjectConfigurator - Adding resource folder /advanced-jaxrs-01web/src/main/resources
2016-05-01 15:59:17,213 [Worker-93] INFO  o.e.m.j.i.AbstractJavaProjectConfigurator - Adding source folder /advanced-jaxrs-01web/src/test/java
2016-05-01 15:59:18,627 [Worker-93] INFO  o.e.m.c.i.p.ProjectConfigurationManager - Project import completed 2 sec
2016-05-01 15:59:18,852 [Worker-110] INFO  o.e.m.c.i.l.LifecycleMappingFactory - Using org.maven.ide.eclipse.wtp.WarLifecycleMapping lifecycle mapping for MavenProject: org.erdem.advanced:advanced-jaxrs-01web:0.0.1-SNAPSHOT @ D:\GitHub\webserviceAdvanced\advanced-jaxrs-01web\pom.xml.
2016-05-01 15:59:20,463 [Worker-106] WARN  o.e.m.c.i.embedder.EclipseLogger - Using platform encoding (Cp1252 actually) to copy filtered resources, i.e. build is platform dependent!
2016-05-01 15:59:20,469 [Worker-106] INFO  o.e.m.c.i.embedder.EclipseLogger - Copying 0 resource
2016-05-01 15:59:20,470 [Worker-106] WARN  o.e.m.c.i.embedder.EclipseLogger - Using platform encoding (Cp1252 actually) to copy filtered resources, i.e. build is platform dependent!
2016-05-01 15:59:20,473 [Worker-106] INFO  o.e.m.c.i.embedder.EclipseLogger - skip non existing resourceDirectory D:\GitHub\webserviceAdvanced\advanced-jaxrs-01web\src\test\resources
2016-05-01 16:00:29,167 [Worker-101] ERROR o.e.m.c.i.p.r.ProjectRegistryManager - Could not read pom.xml
org.eclipse.core.runtime.CoreException: Could not read pom.xml
	at org.eclipse.m2e.core.internal.embedder.MavenImpl.readModel(MavenImpl.java:550) [org.eclipse.m2e.core_1.4.0.20130601-0317.jar:na]
	at org.eclipse.m2e.core.internal.embedder.MavenImpl.readModel(MavenImpl.java:559) [org.eclipse.m2e.core_1.4.0.20130601-0317.jar:na]
	at org.eclipse.m2e.core.internal.project.registry.ProjectRegistryManager.refreshPhase2(ProjectRegistryManager.java:504) [org.eclipse.m2e.core_1.4.0.20130601-0317.jar:na]
	at org.eclipse.m2e.core.internal.project.registry.ProjectRegistryManager.refresh(ProjectRegistryManager.java:459) [org.eclipse.m2e.core_1.4.0.20130601-0317.jar:na]
	at org.eclipse.m2e.core.internal.project.registry.ProjectRegistryManager.refresh(ProjectRegistryManager.java:334) [org.eclipse.m2e.core_1.4.0.20130601-0317.jar:na]
	at org.eclipse.m2e.core.internal.project.registry.ProjectRegistryManager.refresh(ProjectRegistryManager.java:287) [org.eclipse.m2e.core_1.4.0.20130601-0317.jar:na]
	at org.eclipse.m2e.core.internal.project.registry.MavenProjectManager.refresh(MavenProjectManager.java:67) [org.eclipse.m2e.core_1.4.0.20130601-0317.jar:na]
	at org.eclipse.m2e.core.internal.builder.MavenBuilder.getProjectFacade(MavenBuilder.java:216) [org.eclipse.m2e.core_1.4.0.20130601-0317.jar:na]
	at org.eclipse.m2e.core.internal.builder.MavenBuilder$1.call(MavenBuilder.java:91) [org.eclipse.m2e.core_1.4.0.20130601-0317.jar:na]
	at org.eclipse.m2e.core.internal.builder.MavenBuilder$1.call(MavenBuilder.java:1) [org.eclipse.m2e.core_1.4.0.20130601-0317.jar:na]
	at org.eclipse.m2e.core.internal.embedder.MavenExecutionContext.executeBare(MavenExecutionContext.java:161) [org.eclipse.m2e.core_1.4.0.20130601-0317.jar:na]
	at org.eclipse.m2e.core.internal.embedder.MavenExecutionContext.execute(MavenExecutionContext.java:137) [org.eclipse.m2e.core_1.4.0.20130601-0317.jar:na]
	at org.eclipse.m2e.core.internal.embedder.MavenExecutionContext.execute(MavenExecutionContext.java:89) [org.eclipse.m2e.core_1.4.0.20130601-0317.jar:na]
	at org.eclipse.m2e.core.internal.embedder.MavenImpl.execute(MavenImpl.java:1305) [org.eclipse.m2e.core_1.4.0.20130601-0317.jar:na]
	at org.eclipse.m2e.core.internal.builder.MavenBuilder.build(MavenBuilder.java:89) [org.eclipse.m2e.core_1.4.0.20130601-0317.jar:na]
	at org.eclipse.core.internal.events.BuildManager$2.run(BuildManager.java:733) [org.eclipse.core.resources_3.8.101.v20130717-0806.jar:na]
	at org.eclipse.core.runtime.SafeRunner.run(SafeRunner.java:42) [org.eclipse.equinox.common_3.6.200.v20130402-1505.jar:na]
	at org.eclipse.core.internal.events.BuildManager.basicBuild(BuildManager.java:206) [org.eclipse.core.resources_3.8.101.v20130717-0806.jar:na]
	at org.eclipse.core.internal.events.BuildManager.basicBuild(BuildManager.java:246) [org.eclipse.core.resources_3.8.101.v20130717-0806.jar:na]
	at org.eclipse.core.internal.events.BuildManager$1.run(BuildManager.java:299) [org.eclipse.core.resources_3.8.101.v20130717-0806.jar:na]
	at org.eclipse.core.runtime.SafeRunner.run(SafeRunner.java:42) [org.eclipse.equinox.common_3.6.200.v20130402-1505.jar:na]
	at org.eclipse.core.internal.events.BuildManager.basicBuild(BuildManager.java:302) [org.eclipse.core.resources_3.8.101.v20130717-0806.jar:na]
	at org.eclipse.core.internal.events.BuildManager.basicBuildLoop(BuildManager.java:358) [org.eclipse.core.resources_3.8.101.v20130717-0806.jar:na]
	at org.eclipse.core.internal.events.BuildManager.build(BuildManager.java:381) [org.eclipse.core.resources_3.8.101.v20130717-0806.jar:na]
	at org.eclipse.core.internal.events.AutoBuildJob.doBuild(AutoBuildJob.java:143) [org.eclipse.core.resources_3.8.101.v20130717-0806.jar:na]
	at org.eclipse.core.internal.events.AutoBuildJob.run(AutoBuildJob.java:241) [org.eclipse.core.resources_3.8.101.v20130717-0806.jar:na]
	at org.eclipse.core.internal.jobs.Worker.run(Worker.java:53) [org.eclipse.core.jobs_3.5.300.v20130429-1813.jar:na]
Caused by: org.apache.maven.model.io.ModelParseException: Duplicated tag: 'build' (position: START_TAG seen ...</build>\n  \n  <build>... @43:10) 
	at org.apache.maven.model.io.DefaultModelReader.read(DefaultModelReader.java:127) ~[maven-model-builder-3.0.4.jar:3.0.4]
	at org.apache.maven.model.io.DefaultModelReader.read(DefaultModelReader.java:91) ~[maven-model-builder-3.0.4.jar:3.0.4]
	at org.eclipse.m2e.core.internal.embedder.MavenImpl.readModel(MavenImpl.java:548) [org.eclipse.m2e.core_1.4.0.20130601-0317.jar:na]
	... 26 common frames omitted
Caused by: org.codehaus.plexus.util.xml.pull.XmlPullParserException: Duplicated tag: 'build' (position: START_TAG seen ...</build>\n  \n  <build>... @43:10) 
	at org.apache.maven.model.io.xpp3.MavenXpp3Reader.checkFieldWithDuplicate(MavenXpp3Reader.java:117) ~[maven-model-3.0.4.jar:3.0.4]
	at org.apache.maven.model.io.xpp3.MavenXpp3Reader.parseModel(MavenXpp3Reader.java:2454) ~[maven-model-3.0.4.jar:3.0.4]
	at org.apache.maven.model.io.xpp3.MavenXpp3Reader.read(MavenXpp3Reader.java:4088) ~[maven-model-3.0.4.jar:3.0.4]
	at org.apache.maven.model.io.xpp3.MavenXpp3Reader.read(MavenXpp3Reader.java:4021) ~[maven-model-3.0.4.jar:3.0.4]
	at org.apache.maven.model.io.DefaultModelReader.read(DefaultModelReader.java:122) ~[maven-model-builder-3.0.4.jar:3.0.4]
	... 28 common frames omitted
2016-05-01 16:00:47,642 [Worker-110] INFO  o.e.m.c.i.l.LifecycleMappingFactory - Using org.maven.ide.eclipse.wtp.WarLifecycleMapping lifecycle mapping for MavenProject: org.erdem.advanced:advanced-jaxrs-01web:0.0.1-SNAPSHOT @ D:\GitHub\webserviceAdvanced\advanced-jaxrs-01web\pom.xml.
2016-05-01 16:00:48,018 [Worker-110] INFO  o.e.m.c.i.embedder.EclipseLogger - Using 'UTF-8' encoding to copy filtered resources.
2016-05-01 16:00:48,019 [Worker-110] INFO  o.e.m.c.i.embedder.EclipseLogger - Copying 0 resource
2016-05-01 16:00:48,020 [Worker-110] INFO  o.e.m.c.i.embedder.EclipseLogger - Using 'UTF-8' encoding to copy filtered resources.
2016-05-01 16:00:48,021 [Worker-110] INFO  o.e.m.c.i.embedder.EclipseLogger - skip non existing resourceDirectory D:\GitHub\webserviceAdvanced\advanced-jaxrs-01web\src\test\resources
2016-05-01 16:00:48,021 [Worker-110] INFO  o.e.m.w.i.f.ResourceFilteringBuildParticipant - Changed resources require a complete clean of filtered resources of advanced-jaxrs-01web
2016-05-01 16:00:48,021 [Worker-110] INFO  o.e.m.w.i.f.ResourceFilteringBuildParticipant - Executing resource filtering for advanced-jaxrs-01web
2016-05-01 16:00:48,027 [Worker-110] INFO  o.e.m.c.i.embedder.EclipseLogger - Using 'UTF-8' encoding to copy filtered resources.
2016-05-01 16:00:49,228 [Worker-116] INFO  o.e.m.c.i.embedder.EclipseLogger - Using 'UTF-8' encoding to copy filtered resources.
2016-05-01 16:00:49,228 [Worker-116] INFO  o.e.m.c.i.embedder.EclipseLogger - Copying 0 resource
2016-05-01 16:00:49,229 [Worker-116] INFO  o.e.m.c.i.embedder.EclipseLogger - Using 'UTF-8' encoding to copy filtered resources.
2016-05-01 16:00:49,229 [Worker-116] INFO  o.e.m.c.i.embedder.EclipseLogger - skip non existing resourceDirectory D:\GitHub\webserviceAdvanced\advanced-jaxrs-01web\src\test\resources
2016-05-01 16:01:21,235 [Worker-114] INFO  o.e.m.c.i.p.ProjectConfigurationManager - Update started
2016-05-01 16:01:21,292 [Worker-114] INFO  o.e.m.c.i.l.LifecycleMappingFactory - Using org.maven.ide.eclipse.wtp.WarLifecycleMapping lifecycle mapping for MavenProject: org.erdem.advanced:advanced-jaxrs-01web:0.0.1-SNAPSHOT @ D:\GitHub\webserviceAdvanced\advanced-jaxrs-01web\pom.xml.
2016-05-01 16:01:21,614 [Worker-114] INFO  o.e.m.j.i.AbstractJavaProjectConfigurator - Adding source folder /advanced-jaxrs-01web/src/main/java
2016-05-01 16:01:21,615 [Worker-114] INFO  o.e.m.j.i.AbstractJavaProjectConfigurator - Adding resource folder /advanced-jaxrs-01web/src/main/resources
2016-05-01 16:01:21,620 [Worker-114] INFO  o.e.m.j.i.AbstractJavaProjectConfigurator - Adding source folder /advanced-jaxrs-01web/src/test/java
2016-05-01 16:01:22,613 [Worker-114] INFO  o.e.m.w.i.f.ResourceFilteringBuildParticipant - Cleaning filtered folder for advanced-jaxrs-01web
2016-05-01 16:01:22,615 [Worker-114] INFO  o.e.m.c.i.p.ProjectConfigurationManager - Update completed: 1 sec
2016-05-01 16:01:23,177 [Worker-111] INFO  o.e.m.c.i.l.LifecycleMappingFactory - Using org.maven.ide.eclipse.wtp.WarLifecycleMapping lifecycle mapping for MavenProject: org.erdem.advanced:advanced-jaxrs-01web:0.0.1-SNAPSHOT @ D:\GitHub\webserviceAdvanced\advanced-jaxrs-01web\pom.xml.
2016-05-01 16:01:23,438 [Worker-111] INFO  o.e.m.c.i.embedder.EclipseLogger - Using 'UTF-8' encoding to copy filtered resources.
2016-05-01 16:01:23,439 [Worker-111] INFO  o.e.m.c.i.embedder.EclipseLogger - Copying 0 resource
2016-05-01 16:01:23,439 [Worker-111] INFO  o.e.m.c.i.embedder.EclipseLogger - Using 'UTF-8' encoding to copy filtered resources.
2016-05-01 16:01:23,440 [Worker-111] INFO  o.e.m.c.i.embedder.EclipseLogger - skip non existing resourceDirectory D:\GitHub\webserviceAdvanced\advanced-jaxrs-01web\src\test\resources
2016-05-01 16:03:05,178 [Worker-113] INFO  o.e.m.c.i.embedder.EclipseLogger - Using 'UTF-8' encoding to copy filtered resources.
2016-05-01 16:03:05,178 [Worker-113] INFO  o.e.m.c.i.embedder.EclipseLogger - Copying 0 resource
2016-05-01 16:03:05,179 [Worker-113] INFO  o.e.m.c.i.embedder.EclipseLogger - Using 'UTF-8' encoding to copy filtered resources.
2016-05-01 16:03:05,179 [Worker-113] INFO  o.e.m.c.i.embedder.EclipseLogger - skip non existing resourceDirectory D:\GitHub\webserviceAdvanced\advanced-jaxrs-01web\src\test\resources
2016-05-01 16:03:11,454 [Worker-112] INFO  o.e.m.c.i.embedder.EclipseLogger - Using 'UTF-8' encoding to copy filtered resources.
2016-05-01 16:03:11,456 [Worker-112] INFO  o.e.m.c.i.embedder.EclipseLogger - Copying 0 resource
2016-05-01 16:03:11,457 [Worker-112] INFO  o.e.m.c.i.embedder.EclipseLogger - Using 'UTF-8' encoding to copy filtered resources.
2016-05-01 16:03:11,457 [Worker-112] INFO  o.e.m.c.i.embedder.EclipseLogger - skip non existing resourceDirectory D:\GitHub\webserviceAdvanced\advanced-jaxrs-01web\src\test\resources
2016-05-01 16:04:06,568 [Worker-106] ERROR o.e.m.j.i.l.MavenLaunchConfigurationListener - Launch configuration advanced-jaxrs-01 references closed project advanced-jaxrs-01
org.eclipse.core.runtime.CoreException: Launch configuration advanced-jaxrs-01 references closed project advanced-jaxrs-01
	at org.eclipse.jdt.launching.JavaRuntime.abort(JavaRuntime.java:1403) ~[org.eclipse.jdt.launching_3.7.1.v20131218-1102.jar:na]
	at org.eclipse.jdt.launching.JavaRuntime.getJavaProject(JavaRuntime.java:1275) ~[org.eclipse.jdt.launching_3.7.1.v20131218-1102.jar:na]
	at org.eclipse.m2e.jdt.internal.launch.MavenLaunchConfigurationListener.updateLaunchConfiguration(MavenLaunchConfigurationListener.java:53) [org.eclipse.m2e.jdt_1.4.0.20130601-0317.jar:na]
	at org.eclipse.m2e.jdt.internal.launch.MavenLaunchConfigurationListener.launchConfigurationChanged(MavenLaunchConfigurationListener.java:38) [org.eclipse.m2e.jdt_1.4.0.20130601-0317.jar:na]
	at org.eclipse.debug.internal.core.LaunchManager$ConfigurationNotifier.run(LaunchManager.java:228) [org.eclipse.debug.core_3.8.0.v20130514-0954.jar:na]
	at org.eclipse.core.runtime.SafeRunner.run(SafeRunner.java:42) [org.eclipse.equinox.common_3.6.200.v20130402-1505.jar:na]
	at org.eclipse.debug.internal.core.LaunchManager$ConfigurationNotifier.notify(LaunchManager.java:209) [org.eclipse.debug.core_3.8.0.v20130514-0954.jar:na]
	at org.eclipse.debug.internal.core.LaunchConfigurationWorkingCopy.setDirty(LaunchConfigurationWorkingCopy.java:538) [org.eclipse.debug.core_3.8.0.v20130514-0954.jar:na]
	at org.eclipse.debug.internal.core.LaunchConfigurationWorkingCopy.setAttribute(LaunchConfigurationWorkingCopy.java:419) [org.eclipse.debug.core_3.8.0.v20130514-0954.jar:na]
	at org.eclipse.m2e.jdt.internal.launch.MavenRuntimeClasspathProvider.disable(MavenRuntimeClasspathProvider.java:297) [org.eclipse.m2e.jdt_1.4.0.20130601-0317.jar:na]
	at org.eclipse.m2e.jdt.internal.launch.MavenRuntimeClasspathProvider.disable(MavenRuntimeClasspathProvider.java:323) [org.eclipse.m2e.jdt_1.4.0.20130601-0317.jar:na]
	at org.eclipse.m2e.jdt.internal.launch.MavenLaunchConfigurationListener.mavenProjectChanged(MavenLaunchConfigurationListener.java:70) [org.eclipse.m2e.jdt_1.4.0.20130601-0317.jar:na]
	at org.eclipse.m2e.core.internal.project.registry.ProjectRegistryManager.notifyProjectChangeListeners(ProjectRegistryManager.java:746) [org.eclipse.m2e.core_1.4.0.20130601-0317.jar:na]
	at org.eclipse.m2e.core.internal.project.registry.ProjectRegistryManager.applyMutableProjectRegistry(ProjectRegistryManager.java:865) [org.eclipse.m2e.core_1.4.0.20130601-0317.jar:na]
	at org.eclipse.m2e.core.internal.project.registry.ProjectRegistryRefreshJob.run(ProjectRegistryRefreshJob.java:101) [org.eclipse.m2e.core_1.4.0.20130601-0317.jar:na]
	at org.eclipse.core.internal.jobs.Worker.run(Worker.java:53) [org.eclipse.core.jobs_3.5.300.v20130429-1813.jar:na]
2016-05-01 16:04:06,571 [Worker-106] ERROR o.e.m.j.i.l.MavenLaunchConfigurationListener - Launch configuration advanced-jaxrs-01 references closed project advanced-jaxrs-01
org.eclipse.core.runtime.CoreException: Launch configuration advanced-jaxrs-01 references closed project advanced-jaxrs-01
	at org.eclipse.jdt.launching.JavaRuntime.abort(JavaRuntime.java:1403) ~[org.eclipse.jdt.launching_3.7.1.v20131218-1102.jar:na]
	at org.eclipse.jdt.launching.JavaRuntime.getJavaProject(JavaRuntime.java:1275) ~[org.eclipse.jdt.launching_3.7.1.v20131218-1102.jar:na]
	at org.eclipse.m2e.jdt.internal.launch.MavenLaunchConfigurationListener.updateLaunchConfiguration(MavenLaunchConfigurationListener.java:53) [org.eclipse.m2e.jdt_1.4.0.20130601-0317.jar:na]
	at org.eclipse.m2e.jdt.internal.launch.MavenLaunchConfigurationListener.launchConfigurationChanged(MavenLaunchConfigurationListener.java:38) [org.eclipse.m2e.jdt_1.4.0.20130601-0317.jar:na]
	at org.eclipse.debug.internal.core.LaunchManager$ConfigurationNotifier.run(LaunchManager.java:228) [org.eclipse.debug.core_3.8.0.v20130514-0954.jar:na]
	at org.eclipse.core.runtime.SafeRunner.run(SafeRunner.java:42) [org.eclipse.equinox.common_3.6.200.v20130402-1505.jar:na]
	at org.eclipse.debug.internal.core.LaunchManager$ConfigurationNotifier.notify(LaunchManager.java:209) [org.eclipse.debug.core_3.8.0.v20130514-0954.jar:na]
	at org.eclipse.debug.internal.core.LaunchConfigurationWorkingCopy.setDirty(LaunchConfigurationWorkingCopy.java:538) [org.eclipse.debug.core_3.8.0.v20130514-0954.jar:na]
	at org.eclipse.debug.internal.core.LaunchConfigurationWorkingCopy.setAttribute(LaunchConfigurationWorkingCopy.java:419) [org.eclipse.debug.core_3.8.0.v20130514-0954.jar:na]
	at org.eclipse.m2e.jdt.internal.launch.MavenRuntimeClasspathProvider.disable(MavenRuntimeClasspathProvider.java:298) [org.eclipse.m2e.jdt_1.4.0.20130601-0317.jar:na]
	at org.eclipse.m2e.jdt.internal.launch.MavenRuntimeClasspathProvider.disable(MavenRuntimeClasspathProvider.java:323) [org.eclipse.m2e.jdt_1.4.0.20130601-0317.jar:na]
	at org.eclipse.m2e.jdt.internal.launch.MavenLaunchConfigurationListener.mavenProjectChanged(MavenLaunchConfigurationListener.java:70) [org.eclipse.m2e.jdt_1.4.0.20130601-0317.jar:na]
	at org.eclipse.m2e.core.internal.project.registry.ProjectRegistryManager.notifyProjectChangeListeners(ProjectRegistryManager.java:746) [org.eclipse.m2e.core_1.4.0.20130601-0317.jar:na]
	at org.eclipse.m2e.core.internal.project.registry.ProjectRegistryManager.applyMutableProjectRegistry(ProjectRegistryManager.java:865) [org.eclipse.m2e.core_1.4.0.20130601-0317.jar:na]
	at org.eclipse.m2e.core.internal.project.registry.ProjectRegistryRefreshJob.run(ProjectRegistryRefreshJob.java:101) [org.eclipse.m2e.core_1.4.0.20130601-0317.jar:na]
	at org.eclipse.core.internal.jobs.Worker.run(Worker.java:53) [org.eclipse.core.jobs_3.5.300.v20130429-1813.jar:na]
2016-05-01 16:04:06,576 [Worker-106] ERROR o.e.m.j.i.l.MavenLaunchConfigurationListener - Launch configuration advanced-jaxrs-01 references closed project advanced-jaxrs-01
org.eclipse.core.runtime.CoreException: Launch configuration advanced-jaxrs-01 references closed project advanced-jaxrs-01
	at org.eclipse.jdt.launching.JavaRuntime.abort(JavaRuntime.java:1403) ~[org.eclipse.jdt.launching_3.7.1.v20131218-1102.jar:na]
	at org.eclipse.jdt.launching.JavaRuntime.getJavaProject(JavaRuntime.java:1275) ~[org.eclipse.jdt.launching_3.7.1.v20131218-1102.jar:na]
	at org.eclipse.m2e.jdt.internal.launch.MavenLaunchConfigurationListener.updateLaunchConfiguration(MavenLaunchConfigurationListener.java:53) [org.eclipse.m2e.jdt_1.4.0.20130601-0317.jar:na]
	at org.eclipse.m2e.jdt.internal.launch.MavenLaunchConfigurationListener.launchConfigurationChanged(MavenLaunchConfigurationListener.java:38) [org.eclipse.m2e.jdt_1.4.0.20130601-0317.jar:na]
	at org.eclipse.debug.internal.core.LaunchManager$ConfigurationNotifier.run(LaunchManager.java:228) [org.eclipse.debug.core_3.8.0.v20130514-0954.jar:na]
	at org.eclipse.core.runtime.SafeRunner.run(SafeRunner.java:42) [org.eclipse.equinox.common_3.6.200.v20130402-1505.jar:na]
	at org.eclipse.debug.internal.core.LaunchManager$ConfigurationNotifier.notify(LaunchManager.java:209) [org.eclipse.debug.core_3.8.0.v20130514-0954.jar:na]
	at org.eclipse.debug.internal.core.LaunchManager.launchConfigurationChanged(LaunchManager.java:2141) [org.eclipse.debug.core_3.8.0.v20130514-0954.jar:na]
	at org.eclipse.debug.internal.core.LaunchConfigurationWorkingCopy.writeNewFile(LaunchConfigurationWorkingCopy.java:380) [org.eclipse.debug.core_3.8.0.v20130514-0954.jar:na]
	at org.eclipse.debug.internal.core.LaunchConfigurationWorkingCopy.doSave0(LaunchConfigurationWorkingCopy.java:246) [org.eclipse.debug.core_3.8.0.v20130514-0954.jar:na]
	at org.eclipse.debug.internal.core.LaunchConfigurationWorkingCopy.doSave(LaunchConfigurationWorkingCopy.java:216) [org.eclipse.debug.core_3.8.0.v20130514-0954.jar:na]
	at org.eclipse.debug.internal.core.LaunchConfigurationWorkingCopy.doSave(LaunchConfigurationWorkingCopy.java:170) [org.eclipse.debug.core_3.8.0.v20130514-0954.jar:na]
	at org.eclipse.m2e.jdt.internal.launch.MavenRuntimeClasspathProvider.disable(MavenRuntimeClasspathProvider.java:299) [org.eclipse.m2e.jdt_1.4.0.20130601-0317.jar:na]
	at org.eclipse.m2e.jdt.internal.launch.MavenRuntimeClasspathProvider.disable(MavenRuntimeClasspathProvider.java:323) [org.eclipse.m2e.jdt_1.4.0.20130601-0317.jar:na]
	at org.eclipse.m2e.jdt.internal.launch.MavenLaunchConfigurationListener.mavenProjectChanged(MavenLaunchConfigurationListener.java:70) [org.eclipse.m2e.jdt_1.4.0.20130601-0317.jar:na]
	at org.eclipse.m2e.core.internal.project.registry.ProjectRegistryManager.notifyProjectChangeListeners(ProjectRegistryManager.java:746) [org.eclipse.m2e.core_1.4.0.20130601-0317.jar:na]
	at org.eclipse.m2e.core.internal.project.registry.ProjectRegistryManager.applyMutableProjectRegistry(ProjectRegistryManager.java:865) [org.eclipse.m2e.core_1.4.0.20130601-0317.jar:na]
	at org.eclipse.m2e.core.internal.project.registry.ProjectRegistryRefreshJob.run(ProjectRegistryRefreshJob.java:101) [org.eclipse.m2e.core_1.4.0.20130601-0317.jar:na]
	at org.eclipse.core.internal.jobs.Worker.run(Worker.java:53) [org.eclipse.core.jobs_3.5.300.v20130429-1813.jar:na]
2016-05-01 16:10:46,203 [Worker-122] INFO  o.e.m.c.i.embedder.EclipseLogger - Using 'UTF-8' encoding to copy filtered resources.
2016-05-01 16:10:46,203 [Worker-122] INFO  o.e.m.c.i.embedder.EclipseLogger - Copying 0 resource
2016-05-01 16:10:46,203 [Worker-122] INFO  o.e.m.c.i.embedder.EclipseLogger - Using 'UTF-8' encoding to copy filtered resources.
2016-05-01 16:10:46,203 [Worker-122] INFO  o.e.m.c.i.embedder.EclipseLogger - skip non existing resourceDirectory D:\GitHub\webserviceAdvanced\advanced-jaxrs-01web\src\test\resources
2016-05-01 16:12:49,450 [Worker-121] INFO  o.e.m.c.i.embedder.EclipseLogger - Using 'UTF-8' encoding to copy filtered resources.
2016-05-01 16:12:49,450 [Worker-121] INFO  o.e.m.c.i.embedder.EclipseLogger - Copying 0 resource
2016-05-01 16:12:49,450 [Worker-121] INFO  o.e.m.c.i.embedder.EclipseLogger - Using 'UTF-8' encoding to copy filtered resources.
2016-05-01 16:12:49,450 [Worker-121] INFO  o.e.m.c.i.embedder.EclipseLogger - skip non existing resourceDirectory D:\GitHub\webserviceAdvanced\advanced-jaxrs-01web\src\test\resources
2016-05-01 16:17:07,190 [Worker-134] INFO  o.e.m.c.i.l.LifecycleMappingFactory - Using org.maven.ide.eclipse.wtp.WarLifecycleMapping lifecycle mapping for MavenProject: org.erdem.advanced:advanced-jaxrs-01web:0.0.1-SNAPSHOT @ D:\GitHub\webserviceAdvanced\advanced-jaxrs-02web\pom.xml.
2016-05-01 16:17:07,540 [Worker-134] INFO  o.e.m.c.i.embedder.EclipseLogger - Using 'UTF-8' encoding to copy filtered resources.
2016-05-01 16:17:07,540 [Worker-134] INFO  o.e.m.c.i.embedder.EclipseLogger - Copying 0 resource
2016-05-01 16:17:07,541 [Worker-134] INFO  o.e.m.c.i.embedder.EclipseLogger - Using 'UTF-8' encoding to copy filtered resources.
2016-05-01 16:17:07,541 [Worker-134] INFO  o.e.m.c.i.embedder.EclipseLogger - skip non existing resourceDirectory D:\GitHub\webserviceAdvanced\advanced-jaxrs-02web\src\test\resources
2016-05-01 16:17:07,999 [Worker-134] INFO  o.e.m.c.i.l.LifecycleMappingFactory - Using org.maven.ide.eclipse.wtp.WarLifecycleMapping lifecycle mapping for MavenProject: org.erdem.advanced:advanced-jaxrs-01web:0.0.1-SNAPSHOT @ D:\GitHub\webserviceAdvanced\advanced-jaxrs-02web\pom.xml.
2016-05-01 16:17:08,800 [Worker-139] INFO  o.e.m.c.i.embedder.EclipseLogger - Using 'UTF-8' encoding to copy filtered resources.
2016-05-01 16:17:08,801 [Worker-139] INFO  o.e.m.c.i.embedder.EclipseLogger - Copying 0 resource
2016-05-01 16:17:08,802 [Worker-139] INFO  o.e.m.c.i.embedder.EclipseLogger - Using 'UTF-8' encoding to copy filtered resources.
2016-05-01 16:17:08,802 [Worker-139] INFO  o.e.m.c.i.embedder.EclipseLogger - skip non existing resourceDirectory D:\GitHub\webserviceAdvanced\advanced-jaxrs-02web\src\test\resources
2016-05-01 16:19:38,580 [Worker-144] INFO  o.e.m.c.i.embedder.EclipseLogger - Using 'UTF-8' encoding to copy filtered resources.
2016-05-01 16:19:38,580 [Worker-144] INFO  o.e.m.c.i.embedder.EclipseLogger - Copying 0 resource
2016-05-01 16:19:38,581 [Worker-144] INFO  o.e.m.c.i.embedder.EclipseLogger - Using 'UTF-8' encoding to copy filtered resources.
2016-05-01 16:19:38,582 [Worker-144] INFO  o.e.m.c.i.embedder.EclipseLogger - skip non existing resourceDirectory D:\GitHub\webserviceAdvanced\advanced-jaxrs-02web\src\test\resources
2016-05-01 16:20:49,291 [Worker-123] INFO  o.e.m.c.i.embedder.EclipseLogger - Using 'UTF-8' encoding to copy filtered resources.
2016-05-01 16:20:49,291 [Worker-123] INFO  o.e.m.c.i.embedder.EclipseLogger - Copying 0 resource
2016-05-01 16:20:49,292 [Worker-123] INFO  o.e.m.c.i.embedder.EclipseLogger - Using 'UTF-8' encoding to copy filtered resources.
2016-05-01 16:20:49,292 [Worker-123] INFO  o.e.m.c.i.embedder.EclipseLogger - skip non existing resourceDirectory D:\GitHub\webserviceAdvanced\advanced-jaxrs-02web\src\test\resources
2016-05-01 16:21:39,496 [Worker-138] INFO  o.e.m.c.i.embedder.EclipseLogger - Using 'UTF-8' encoding to copy filtered resources.
2016-05-01 16:21:39,496 [Worker-138] INFO  o.e.m.c.i.embedder.EclipseLogger - Copying 0 resource
2016-05-01 16:21:39,496 [Worker-138] INFO  o.e.m.c.i.embedder.EclipseLogger - Using 'UTF-8' encoding to copy filtered resources.
2016-05-01 16:21:39,496 [Worker-138] INFO  o.e.m.c.i.embedder.EclipseLogger - skip non existing resourceDirectory D:\GitHub\webserviceAdvanced\advanced-jaxrs-02web\src\test\resources
2016-05-01 16:26:16,062 [Worker-134] INFO  o.e.m.c.i.l.LifecycleMappingFactory - Using org.maven.ide.eclipse.wtp.WarLifecycleMapping lifecycle mapping for MavenProject: org.erdem.advanced:advanced-jaxrs-01web:0.0.1-SNAPSHOT @ D:\GitHub\webserviceAdvanced\advanced-jaxrs-01web\pom.xml.
2016-05-01 16:26:16,535 [Worker-140] INFO  o.e.m.c.i.embedder.EclipseLogger - Using 'UTF-8' encoding to copy filtered resources.
2016-05-01 16:26:16,535 [Worker-140] INFO  o.e.m.c.i.embedder.EclipseLogger - Copying 0 resource
2016-05-01 16:26:16,536 [Worker-140] INFO  o.e.m.c.i.embedder.EclipseLogger - Using 'UTF-8' encoding to copy filtered resources.
2016-05-01 16:26:16,536 [Worker-140] INFO  o.e.m.c.i.embedder.EclipseLogger - skip non existing resourceDirectory D:\GitHub\webserviceAdvanced\advanced-jaxrs-01web\src\test\resources
